[DEBUG] 2020-12-09 04:01:18.598 [main] IntegratorServiceImpl - Adding Integrator [org.hibernate.cfg.beanvalidation.BeanValidationIntegrator].
[DEBUG] 2020-12-09 04:01:18.609 [main] IntegratorServiceImpl - Adding Integrator [org.hibernate.secure.spi.JaccIntegrator].
[DEBUG] 2020-12-09 04:01:18.618 [main] IntegratorServiceImpl - Adding Integrator [org.hibernate.cache.internal.CollectionCacheInvalidator].
[INFO ] 2020-12-09 04:01:18.702 [main] Version - HHH000412: Hibernate Core {5.4.4.Final}
[DEBUG] 2020-12-09 04:01:18.711 [main] Environment - HHH000206: hibernate.properties not found
[DEBUG] 2020-12-09 04:01:18.848 [main] LocalXmlResourceResolver - Interpreting public/system identifier : [-//Hibernate/Hibernate Configuration DTD//EN] - [http://www.hibernate.org/dtd/hibernate-configuration-3.0.dtd]
[DEBUG] 2020-12-09 04:01:18.849 [main] LocalXmlResourceResolver - Recognized hibernate-configuration identifier; attempting to resolve on classpath under org/hibernate/
[DEBUG] 2020-12-09 04:01:18.852 [main] JaxbCfgProcessor - cfg.xml document did not define namespaces; wrapping in custom event reader to introduce namespace information
[DEBUG] 2020-12-09 04:01:19.035 [main] ServiceBinding - Overriding existing service binding [org.hibernate.secure.spi.JaccService]
[DEBUG] 2020-12-09 04:01:19.050 [main] RegionFactoryInitiator - Cannot default RegionFactory based on registered strategies as `[]` RegionFactory strategies were registered
[DEBUG] 2020-12-09 04:01:19.051 [main] RegionFactoryInitiator - Cache region factory : org.hibernate.cache.internal.NoCachingRegionFactory
[INFO ] 2020-12-09 04:01:19.064 [main] Version - HCANN000001: Hibernate Commons Annotations {5.1.0.Final}
[DEBUG] 2020-12-09 04:01:19.086 [main] BasicTypeRegistry - Adding type registration boolean -> org.hibernate.type.BooleanType@36ddaebf
[DEBUG] 2020-12-09 04:01:19.086 [main] BasicTypeRegistry - Adding type registration boolean -> org.hibernate.type.BooleanType@36ddaebf
[DEBUG] 2020-12-09 04:01:19.086 [main] BasicTypeRegistry - Adding type registration java.lang.Boolean -> org.hibernate.type.BooleanType@36ddaebf
[DEBUG] 2020-12-09 04:01:19.087 [main] BasicTypeRegistry - Adding type registration numeric_boolean -> org.hibernate.type.NumericBooleanType@3cff0139
[DEBUG] 2020-12-09 04:01:19.088 [main] BasicTypeRegistry - Adding type registration true_false -> org.hibernate.type.TrueFalseType@f096f37
[DEBUG] 2020-12-09 04:01:19.088 [main] BasicTypeRegistry - Adding type registration yes_no -> org.hibernate.type.YesNoType@514cd540
[DEBUG] 2020-12-09 04:01:19.089 [main] BasicTypeRegistry - Adding type registration byte -> org.hibernate.type.ByteType@3ec2ecea
[DEBUG] 2020-12-09 04:01:19.089 [main] BasicTypeRegistry - Adding type registration byte -> org.hibernate.type.ByteType@3ec2ecea
[DEBUG] 2020-12-09 04:01:19.089 [main] BasicTypeRegistry - Adding type registration java.lang.Byte -> org.hibernate.type.ByteType@3ec2ecea
[DEBUG] 2020-12-09 04:01:19.089 [main] BasicTypeRegistry - Adding type registration character -> org.hibernate.type.CharacterType@338cc75f
[DEBUG] 2020-12-09 04:01:19.090 [main] BasicTypeRegistry - Adding type registration char -> org.hibernate.type.CharacterType@338cc75f
[DEBUG] 2020-12-09 04:01:19.090 [main] BasicTypeRegistry - Adding type registration java.lang.Character -> org.hibernate.type.CharacterType@338cc75f
[DEBUG] 2020-12-09 04:01:19.090 [main] BasicTypeRegistry - Adding type registration short -> org.hibernate.type.ShortType@4e73b552
[DEBUG] 2020-12-09 04:01:19.090 [main] BasicTypeRegistry - Adding type registration short -> org.hibernate.type.ShortType@4e73b552
[DEBUG] 2020-12-09 04:01:19.090 [main] BasicTypeRegistry - Adding type registration java.lang.Short -> org.hibernate.type.ShortType@4e73b552
[DEBUG] 2020-12-09 04:01:19.091 [main] BasicTypeRegistry - Adding type registration integer -> org.hibernate.type.IntegerType@3659d7b1
[DEBUG] 2020-12-09 04:01:19.091 [main] BasicTypeRegistry - Adding type registration int -> org.hibernate.type.IntegerType@3659d7b1
[DEBUG] 2020-12-09 04:01:19.091 [main] BasicTypeRegistry - Adding type registration java.lang.Integer -> org.hibernate.type.IntegerType@3659d7b1
[DEBUG] 2020-12-09 04:01:19.092 [main] BasicTypeRegistry - Adding type registration long -> org.hibernate.type.LongType@5e746d37
[DEBUG] 2020-12-09 04:01:19.092 [main] BasicTypeRegistry - Adding type registration long -> org.hibernate.type.LongType@5e746d37
[DEBUG] 2020-12-09 04:01:19.092 [main] BasicTypeRegistry - Adding type registration java.lang.Long -> org.hibernate.type.LongType@5e746d37
[DEBUG] 2020-12-09 04:01:19.093 [main] BasicTypeRegistry - Adding type registration float -> org.hibernate.type.FloatType@4016ccc1
[DEBUG] 2020-12-09 04:01:19.093 [main] BasicTypeRegistry - Adding type registration float -> org.hibernate.type.FloatType@4016ccc1
[DEBUG] 2020-12-09 04:01:19.093 [main] BasicTypeRegistry - Adding type registration java.lang.Float -> org.hibernate.type.FloatType@4016ccc1
[DEBUG] 2020-12-09 04:01:19.093 [main] BasicTypeRegistry - Adding type registration double -> org.hibernate.type.DoubleType@451882b2
[DEBUG] 2020-12-09 04:01:19.093 [main] BasicTypeRegistry - Adding type registration double -> org.hibernate.type.DoubleType@451882b2
[DEBUG] 2020-12-09 04:01:19.094 [main] BasicTypeRegistry - Adding type registration java.lang.Double -> org.hibernate.type.DoubleType@451882b2
[DEBUG] 2020-12-09 04:01:19.094 [main] BasicTypeRegistry - Adding type registration big_decimal -> org.hibernate.type.BigDecimalType@7afb1741
[DEBUG] 2020-12-09 04:01:19.094 [main] BasicTypeRegistry - Adding type registration java.math.BigDecimal -> org.hibernate.type.BigDecimalType@7afb1741
[DEBUG] 2020-12-09 04:01:19.095 [main] BasicTypeRegistry - Adding type registration big_integer -> org.hibernate.type.BigIntegerType@6fa69af7
[DEBUG] 2020-12-09 04:01:19.095 [main] BasicTypeRegistry - Adding type registration java.math.BigInteger -> org.hibernate.type.BigIntegerType@6fa69af7
[DEBUG] 2020-12-09 04:01:19.095 [main] BasicTypeRegistry - Adding type registration string -> org.hibernate.type.StringType@b174a73
[DEBUG] 2020-12-09 04:01:19.095 [main] BasicTypeRegistry - Adding type registration java.lang.String -> org.hibernate.type.StringType@b174a73
[DEBUG] 2020-12-09 04:01:19.096 [main] BasicTypeRegistry - Adding type registration nstring -> org.hibernate.type.StringNVarcharType@327ed9f5
[DEBUG] 2020-12-09 04:01:19.096 [main] BasicTypeRegistry - Adding type registration ncharacter -> org.hibernate.type.CharacterNCharType@68b58644
[DEBUG] 2020-12-09 04:01:19.097 [main] BasicTypeRegistry - Adding type registration url -> org.hibernate.type.UrlType@58516c91
[DEBUG] 2020-12-09 04:01:19.097 [main] BasicTypeRegistry - Adding type registration java.net.URL -> org.hibernate.type.UrlType@58516c91
[DEBUG] 2020-12-09 04:01:19.097 [main] BasicTypeRegistry - Adding type registration Duration -> org.hibernate.type.DurationType@25e49cb2
[DEBUG] 2020-12-09 04:01:19.097 [main] BasicTypeRegistry - Adding type registration java.time.Duration -> org.hibernate.type.DurationType@25e49cb2
[DEBUG] 2020-12-09 04:01:19.102 [main] BasicTypeRegistry - Adding type registration Instant -> org.hibernate.type.InstantType@68fe48d7
[DEBUG] 2020-12-09 04:01:19.103 [main] BasicTypeRegistry - Adding type registration java.time.Instant -> org.hibernate.type.InstantType@68fe48d7
[DEBUG] 2020-12-09 04:01:19.104 [main] BasicTypeRegistry - Adding type registration LocalDateTime -> org.hibernate.type.LocalDateTimeType@3d7b1f1c
[DEBUG] 2020-12-09 04:01:19.104 [main] BasicTypeRegistry - Adding type registration java.time.LocalDateTime -> org.hibernate.type.LocalDateTimeType@3d7b1f1c
[DEBUG] 2020-12-09 04:01:19.105 [main] BasicTypeRegistry - Adding type registration LocalDate -> org.hibernate.type.LocalDateType@7ed9499e
[DEBUG] 2020-12-09 04:01:19.105 [main] BasicTypeRegistry - Adding type registration java.time.LocalDate -> org.hibernate.type.LocalDateType@7ed9499e
[DEBUG] 2020-12-09 04:01:19.106 [main] BasicTypeRegistry - Adding type registration LocalTime -> org.hibernate.type.LocalTimeType@b25b095
[DEBUG] 2020-12-09 04:01:19.106 [main] BasicTypeRegistry - Adding type registration java.time.LocalTime -> org.hibernate.type.LocalTimeType@b25b095
[DEBUG] 2020-12-09 04:01:19.108 [main] BasicTypeRegistry - Adding type registration OffsetDateTime -> org.hibernate.type.OffsetDateTimeType@6c575325
[DEBUG] 2020-12-09 04:01:19.108 [main] BasicTypeRegistry - Adding type registration java.time.OffsetDateTime -> org.hibernate.type.OffsetDateTimeType@6c575325
[DEBUG] 2020-12-09 04:01:19.110 [main] BasicTypeRegistry - Adding type registration OffsetTime -> org.hibernate.type.OffsetTimeType@3fc05ea2
[DEBUG] 2020-12-09 04:01:19.110 [main] BasicTypeRegistry - Adding type registration java.time.OffsetTime -> org.hibernate.type.OffsetTimeType@3fc05ea2
[DEBUG] 2020-12-09 04:01:19.111 [main] BasicTypeRegistry - Adding type registration ZonedDateTime -> org.hibernate.type.ZonedDateTimeType@51a8313b
[DEBUG] 2020-12-09 04:01:19.111 [main] BasicTypeRegistry - Adding type registration java.time.ZonedDateTime -> org.hibernate.type.ZonedDateTimeType@51a8313b
[DEBUG] 2020-12-09 04:01:19.112 [main] BasicTypeRegistry - Adding type registration date -> org.hibernate.type.DateType@6aba5d30
[DEBUG] 2020-12-09 04:01:19.112 [main] BasicTypeRegistry - Adding type registration java.sql.Date -> org.hibernate.type.DateType@6aba5d30
[DEBUG] 2020-12-09 04:01:19.112 [main] BasicTypeRegistry - Adding type registration time -> org.hibernate.type.TimeType@e322ec9
[DEBUG] 2020-12-09 04:01:19.113 [main] BasicTypeRegistry - Adding type registration java.sql.Time -> org.hibernate.type.TimeType@e322ec9
[DEBUG] 2020-12-09 04:01:19.113 [main] BasicTypeRegistry - Adding type registration timestamp -> org.hibernate.type.TimestampType@52cb4f50
[DEBUG] 2020-12-09 04:01:19.113 [main] BasicTypeRegistry - Adding type registration java.sql.Timestamp -> org.hibernate.type.TimestampType@52cb4f50
[DEBUG] 2020-12-09 04:01:19.113 [main] BasicTypeRegistry - Adding type registration java.util.Date -> org.hibernate.type.TimestampType@52cb4f50
[DEBUG] 2020-12-09 04:01:19.114 [main] BasicTypeRegistry - Adding type registration dbtimestamp -> org.hibernate.type.DbTimestampType@20411320
[DEBUG] 2020-12-09 04:01:19.115 [main] BasicTypeRegistry - Adding type registration calendar -> org.hibernate.type.CalendarType@b0e5507
[DEBUG] 2020-12-09 04:01:19.115 [main] BasicTypeRegistry - Adding type registration java.util.Calendar -> org.hibernate.type.CalendarType@b0e5507
[DEBUG] 2020-12-09 04:01:19.115 [main] BasicTypeRegistry - Adding type registration java.util.GregorianCalendar -> org.hibernate.type.CalendarType@b0e5507
[DEBUG] 2020-12-09 04:01:19.116 [main] BasicTypeRegistry - Adding type registration calendar_date -> org.hibernate.type.CalendarDateType@8a98f38
[DEBUG] 2020-12-09 04:01:19.117 [main] BasicTypeRegistry - Adding type registration locale -> org.hibernate.type.LocaleType@38a1a26
[DEBUG] 2020-12-09 04:01:19.117 [main] BasicTypeRegistry - Adding type registration java.util.Locale -> org.hibernate.type.LocaleType@38a1a26
[DEBUG] 2020-12-09 04:01:19.118 [main] BasicTypeRegistry - Adding type registration currency -> org.hibernate.type.CurrencyType@2eb917d0
[DEBUG] 2020-12-09 04:01:19.118 [main] BasicTypeRegistry - Adding type registration java.util.Currency -> org.hibernate.type.CurrencyType@2eb917d0
[DEBUG] 2020-12-09 04:01:19.118 [main] BasicTypeRegistry - Adding type registration timezone -> org.hibernate.type.TimeZoneType@12ffd1de
[DEBUG] 2020-12-09 04:01:19.119 [main] BasicTypeRegistry - Adding type registration java.util.TimeZone -> org.hibernate.type.TimeZoneType@12ffd1de
[DEBUG] 2020-12-09 04:01:19.119 [main] BasicTypeRegistry - Adding type registration class -> org.hibernate.type.ClassType@71d8cfe7
[DEBUG] 2020-12-09 04:01:19.119 [main] BasicTypeRegistry - Adding type registration java.lang.Class -> org.hibernate.type.ClassType@71d8cfe7
[DEBUG] 2020-12-09 04:01:19.120 [main] BasicTypeRegistry - Adding type registration uuid-binary -> org.hibernate.type.UUIDBinaryType@54bca971
[DEBUG] 2020-12-09 04:01:19.120 [main] BasicTypeRegistry - Adding type registration java.util.UUID -> org.hibernate.type.UUIDBinaryType@54bca971
[DEBUG] 2020-12-09 04:01:19.120 [main] BasicTypeRegistry - Adding type registration uuid-char -> org.hibernate.type.UUIDCharType@23592946
[DEBUG] 2020-12-09 04:01:19.121 [main] BasicTypeRegistry - Adding type registration binary -> org.hibernate.type.BinaryType@5833f5cd
[DEBUG] 2020-12-09 04:01:19.121 [main] BasicTypeRegistry - Adding type registration byte[] -> org.hibernate.type.BinaryType@5833f5cd
[DEBUG] 2020-12-09 04:01:19.121 [main] BasicTypeRegistry - Adding type registration [B -> org.hibernate.type.BinaryType@5833f5cd
[DEBUG] 2020-12-09 04:01:19.122 [main] BasicTypeRegistry - Adding type registration wrapper-binary -> org.hibernate.type.WrapperBinaryType@31ff6309
[DEBUG] 2020-12-09 04:01:19.122 [main] BasicTypeRegistry - Adding type registration Byte[] -> org.hibernate.type.WrapperBinaryType@31ff6309
[DEBUG] 2020-12-09 04:01:19.122 [main] BasicTypeRegistry - Adding type registration [Ljava.lang.Byte; -> org.hibernate.type.WrapperBinaryType@31ff6309
[DEBUG] 2020-12-09 04:01:19.123 [main] BasicTypeRegistry - Adding type registration row_version -> org.hibernate.type.RowVersionType@4dc8c0ea
[DEBUG] 2020-12-09 04:01:19.123 [main] BasicTypeRegistry - Adding type registration image -> org.hibernate.type.ImageType@7a34f66a
[DEBUG] 2020-12-09 04:01:19.124 [main] BasicTypeRegistry - Adding type registration characters -> org.hibernate.type.CharArrayType@2459319c
[DEBUG] 2020-12-09 04:01:19.124 [main] BasicTypeRegistry - Adding type registration char[] -> org.hibernate.type.CharArrayType@2459319c
[DEBUG] 2020-12-09 04:01:19.124 [main] BasicTypeRegistry - Adding type registration [C -> org.hibernate.type.CharArrayType@2459319c
[DEBUG] 2020-12-09 04:01:19.124 [main] BasicTypeRegistry - Adding type registration wrapper-characters -> org.hibernate.type.CharacterArrayType@7808f638
[DEBUG] 2020-12-09 04:01:19.124 [main] BasicTypeRegistry - Adding type registration [Ljava.lang.Character; -> org.hibernate.type.CharacterArrayType@7808f638
[DEBUG] 2020-12-09 04:01:19.124 [main] BasicTypeRegistry - Adding type registration Character[] -> org.hibernate.type.CharacterArrayType@7808f638
[DEBUG] 2020-12-09 04:01:19.125 [main] BasicTypeRegistry - Adding type registration text -> org.hibernate.type.TextType@1d0a61c8
[DEBUG] 2020-12-09 04:01:19.125 [main] BasicTypeRegistry - Adding type registration ntext -> org.hibernate.type.NTextType@73fc518f
[DEBUG] 2020-12-09 04:01:19.126 [main] BasicTypeRegistry - Adding type registration blob -> org.hibernate.type.BlobType@64f16277
[DEBUG] 2020-12-09 04:01:19.126 [main] BasicTypeRegistry - Adding type registration java.sql.Blob -> org.hibernate.type.BlobType@64f16277
[DEBUG] 2020-12-09 04:01:19.126 [main] BasicTypeRegistry - Adding type registration materialized_blob -> org.hibernate.type.MaterializedBlobType@21e20ad5
[DEBUG] 2020-12-09 04:01:19.127 [main] BasicTypeRegistry - Adding type registration clob -> org.hibernate.type.ClobType@38af1bf6
[DEBUG] 2020-12-09 04:01:19.128 [main] BasicTypeRegistry - Adding type registration java.sql.Clob -> org.hibernate.type.ClobType@38af1bf6
[DEBUG] 2020-12-09 04:01:19.128 [main] BasicTypeRegistry - Adding type registration nclob -> org.hibernate.type.NClobType@24b4d544
[DEBUG] 2020-12-09 04:01:19.128 [main] BasicTypeRegistry - Adding type registration java.sql.NClob -> org.hibernate.type.NClobType@24b4d544
[DEBUG] 2020-12-09 04:01:19.129 [main] BasicTypeRegistry - Adding type registration materialized_clob -> org.hibernate.type.MaterializedClobType@72725ee1
[DEBUG] 2020-12-09 04:01:19.129 [main] BasicTypeRegistry - Adding type registration materialized_nclob -> org.hibernate.type.MaterializedNClobType@5ac6c4f2
[DEBUG] 2020-12-09 04:01:19.130 [main] BasicTypeRegistry - Adding type registration serializable -> org.hibernate.type.SerializableType@3bfc6a5e
[DEBUG] 2020-12-09 04:01:19.131 [main] BasicTypeRegistry - Adding type registration object -> org.hibernate.type.ObjectType@3ab6678b
[DEBUG] 2020-12-09 04:01:19.132 [main] BasicTypeRegistry - Adding type registration java.lang.Object -> org.hibernate.type.ObjectType@3ab6678b
[DEBUG] 2020-12-09 04:01:19.132 [main] BasicTypeRegistry - Adding type registration imm_date -> org.hibernate.type.AdaptedImmutableType@4eed2acf
[DEBUG] 2020-12-09 04:01:19.132 [main] BasicTypeRegistry - Adding type registration imm_time -> org.hibernate.type.AdaptedImmutableType@36fc05ff
[DEBUG] 2020-12-09 04:01:19.132 [main] BasicTypeRegistry - Adding type registration imm_timestamp -> org.hibernate.type.AdaptedImmutableType@57c47a9e
[DEBUG] 2020-12-09 04:01:19.132 [main] BasicTypeRegistry - Adding type registration imm_dbtimestamp -> org.hibernate.type.AdaptedImmutableType@642505c7
[DEBUG] 2020-12-09 04:01:19.132 [main] BasicTypeRegistry - Adding type registration imm_calendar -> org.hibernate.type.AdaptedImmutableType@4339e0de
[DEBUG] 2020-12-09 04:01:19.132 [main] BasicTypeRegistry - Adding type registration imm_calendar_date -> org.hibernate.type.AdaptedImmutableType@153cd6bb
[DEBUG] 2020-12-09 04:01:19.132 [main] BasicTypeRegistry - Adding type registration imm_binary -> org.hibernate.type.AdaptedImmutableType@61d84e08
[DEBUG] 2020-12-09 04:01:19.132 [main] BasicTypeRegistry - Adding type registration imm_serializable -> org.hibernate.type.AdaptedImmutableType@2d9f64c9
[DEBUG] 2020-12-09 04:01:19.150 [main] DefaultIdentifierGeneratorFactory - Registering IdentifierGenerator strategy [uuid2] -> [org.hibernate.id.UUIDGenerator]
[DEBUG] 2020-12-09 04:01:19.151 [main] DefaultIdentifierGeneratorFactory - Registering IdentifierGenerator strategy [guid] -> [org.hibernate.id.GUIDGenerator]
[DEBUG] 2020-12-09 04:01:19.151 [main] DefaultIdentifierGeneratorFactory - Registering IdentifierGenerator strategy [uuid] -> [org.hibernate.id.UUIDHexGenerator]
[DEBUG] 2020-12-09 04:01:19.151 [main] DefaultIdentifierGeneratorFactory - Registering IdentifierGenerator strategy [uuid.hex] -> [org.hibernate.id.UUIDHexGenerator]
[DEBUG] 2020-12-09 04:01:19.151 [main] DefaultIdentifierGeneratorFactory - Registering IdentifierGenerator strategy [assigned] -> [org.hibernate.id.Assigned]
[DEBUG] 2020-12-09 04:01:19.152 [main] DefaultIdentifierGeneratorFactory - Registering IdentifierGenerator strategy [identity] -> [org.hibernate.id.IdentityGenerator]
[DEBUG] 2020-12-09 04:01:19.152 [main] DefaultIdentifierGeneratorFactory - Registering IdentifierGenerator strategy [select] -> [org.hibernate.id.SelectGenerator]
[DEBUG] 2020-12-09 04:01:19.153 [main] DefaultIdentifierGeneratorFactory - Registering IdentifierGenerator strategy [sequence] -> [org.hibernate.id.enhanced.SequenceStyleGenerator]
[DEBUG] 2020-12-09 04:01:19.153 [main] DefaultIdentifierGeneratorFactory - Registering IdentifierGenerator strategy [seqhilo] -> [org.hibernate.id.SequenceHiLoGenerator]
[DEBUG] 2020-12-09 04:01:19.153 [main] DefaultIdentifierGeneratorFactory - Registering IdentifierGenerator strategy [increment] -> [org.hibernate.id.IncrementGenerator]
[DEBUG] 2020-12-09 04:01:19.153 [main] DefaultIdentifierGeneratorFactory - Registering IdentifierGenerator strategy [foreign] -> [org.hibernate.id.ForeignGenerator]
[DEBUG] 2020-12-09 04:01:19.154 [main] DefaultIdentifierGeneratorFactory - Registering IdentifierGenerator strategy [sequence-identity] -> [org.hibernate.id.SequenceIdentityGenerator]
[DEBUG] 2020-12-09 04:01:19.154 [main] DefaultIdentifierGeneratorFactory - Registering IdentifierGenerator strategy [enhanced-sequence] -> [org.hibernate.id.enhanced.SequenceStyleGenerator]
[DEBUG] 2020-12-09 04:01:19.154 [main] DefaultIdentifierGeneratorFactory - Registering IdentifierGenerator strategy [enhanced-table] -> [org.hibernate.id.enhanced.TableGenerator]
[INFO ] 2020-12-09 04:01:19.159 [main] C3P0ConnectionProvider - HHH010002: C3P0 using driver: com.mysql.cj.jdbc.Driver at URL: jdbc:mysql://localhost:3306/PizzaBuilderTest
[INFO ] 2020-12-09 04:01:19.159 [main] C3P0ConnectionProvider - HHH10001001: Connection properties: {password=****, user=root}
[INFO ] 2020-12-09 04:01:19.159 [main] C3P0ConnectionProvider - HHH10001003: Autocommit mode: false
[INFO ] 2020-12-09 04:01:19.248 [main] C3P0ConnectionProvider - HHH10001007: JDBC isolation level: <unknown>
[DEBUG] 2020-12-09 04:01:19.389 [main] JdbcEnvironmentInitiator - Database ->
       name : MySQL
    version : 8.0.16
      major : 8
      minor : 0
[DEBUG] 2020-12-09 04:01:19.389 [main] JdbcEnvironmentInitiator - Driver ->
       name : MySQL Connector/J
    version : mysql-connector-java-8.0.16 (Revision: 34cbc6bc61f72836e26327537a432d6db7c77de6)
      major : 8
      minor : 0
[DEBUG] 2020-12-09 04:01:19.390 [main] JdbcEnvironmentInitiator - JDBC version : 4.2
[INFO ] 2020-12-09 04:01:19.432 [main] Dialect - HHH000400: Using dialect: org.hibernate.dialect.MySQL8Dialect
[DEBUG] 2020-12-09 04:01:19.448 [main] IdentifierHelperBuilder - JDBC driver metadata reported database stores quoted identifiers in more than one case
[DEBUG] 2020-12-09 04:01:19.477 [main] IdentifierHelperBuilder - IdentifierCaseStrategy for both quoted and unquoted identifiers was set to the same strategy [MIXED]; that will likely lead to problems in schema update and validation if using quoted identifiers
[DEBUG] 2020-12-09 04:01:19.519 [main] Namespace - Created database namespace [logicalName=Name{catalog=null, schema=null}, physicalName=Name{catalog=null, schema=null}]
[DEBUG] 2020-12-09 04:01:19.522 [main] TypeConfiguration$Scope - Scoping TypeConfiguration [org.hibernate.type.spi.TypeConfiguration@78e17a99] to MetadataBuildingContext [org.hibernate.boot.internal.MetadataBuildingContextRootImpl@625a4ff]
[DEBUG] 2020-12-09 04:01:19.563 [main] AnnotationBinder - Binding entity from annotated class: edu.matc.entity.User
[DEBUG] 2020-12-09 04:01:19.576 [main] Ejb3Column - Binding column: Ejb3DiscriminatorColumn{logicalColumnName'DTYPE', discriminatorTypeName='string'}
[DEBUG] 2020-12-09 04:01:19.578 [main] EntityBinder - Import with entity name User
[DEBUG] 2020-12-09 04:01:19.580 [main] EntityBinder - Bind entity edu.matc.entity.User on table user
[DEBUG] 2020-12-09 04:01:19.598 [main] Ejb3Column - Binding column: Ejb3Column{table=org.hibernate.mapping.Table(user), mappingColumn=id, insertable=true, updatable=true, unique=false}
[DEBUG] 2020-12-09 04:01:19.600 [main] PropertyBinder - MetadataSourceProcessor property id with lazy=false
[DEBUG] 2020-12-09 04:01:19.602 [main] AbstractPropertyHolder - Attempting to locate auto-apply AttributeConverter for property [edu.matc.entity.User:id]
[DEBUG] 2020-12-09 04:01:19.604 [main] SimpleValueBinder - building SimpleValue for id
[DEBUG] 2020-12-09 04:01:19.606 [main] PropertyBinder - Building property id
[DEBUG] 2020-12-09 04:01:19.607 [main] BinderHelper - #makeIdGenerator(org.hibernate.mapping.SimpleValue([org.hibernate.mapping.Column(id)]), id, identity, native, ...)
[DEBUG] 2020-12-09 04:01:19.608 [main] BinderHelper - Could not resolve explicit IdentifierGeneratorDefinition - using implicit interpretation (native)
[DEBUG] 2020-12-09 04:01:19.608 [main] BinderHelper - Building implicit generic IdentifierGeneratorDefinition (native) : identity
[DEBUG] 2020-12-09 04:01:19.608 [main] Ejb3Column - Binding column: Ejb3Column{table=org.hibernate.mapping.Table(user), mappingColumn=password, insertable=true, updatable=true, unique=false}
[DEBUG] 2020-12-09 04:01:19.608 [main] PropertyBinder - MetadataSourceProcessor property password with lazy=false
[DEBUG] 2020-12-09 04:01:19.608 [main] AbstractPropertyHolder - Attempting to locate auto-apply AttributeConverter for property [edu.matc.entity.User:password]
[DEBUG] 2020-12-09 04:01:19.608 [main] SimpleValueBinder - building SimpleValue for password
[DEBUG] 2020-12-09 04:01:19.609 [main] PropertyBinder - Building property password
[DEBUG] 2020-12-09 04:01:19.610 [main] Ejb3Column - Binding column: Ejb3Column{table=org.hibernate.mapping.Table(user), mappingColumn=null, insertable=true, updatable=true, unique=false}
[DEBUG] 2020-12-09 04:01:19.615 [main] Ejb3Column - Binding column: Ejb3Column{table=org.hibernate.mapping.Table(user), mappingColumn=element, insertable=true, updatable=true, unique=false}
[DEBUG] 2020-12-09 04:01:19.615 [main] Ejb3Column - Binding column: Ejb3Column{table=org.hibernate.mapping.Table(user), mappingColumn=toppings_KEY, insertable=true, updatable=true, unique=false}
[DEBUG] 2020-12-09 04:01:19.616 [main] Ejb3Column - Binding column: Ejb3JoinColumn{logicalColumnName='toppings_KEY', referencedColumn='null', mappedBy='null'}
[DEBUG] 2020-12-09 04:01:19.617 [main] Ejb3Column - Binding column: Ejb3JoinColumn{logicalColumnName='user_id', referencedColumn='', mappedBy=''}
[DEBUG] 2020-12-09 04:01:19.617 [main] Ejb3Column - Binding column: Ejb3JoinColumn{logicalColumnName='topping_id', referencedColumn='', mappedBy=''}
[DEBUG] 2020-12-09 04:01:19.618 [main] CollectionBinder - Collection role: edu.matc.entity.User.toppings
[DEBUG] 2020-12-09 04:01:19.619 [main] PropertyBinder - Building property toppings
[DEBUG] 2020-12-09 04:01:19.619 [main] Ejb3Column - Binding column: Ejb3Column{table=org.hibernate.mapping.Table(user), mappingColumn=username, insertable=true, updatable=true, unique=false}
[DEBUG] 2020-12-09 04:01:19.619 [main] PropertyBinder - MetadataSourceProcessor property username with lazy=false
[DEBUG] 2020-12-09 04:01:19.619 [main] AbstractPropertyHolder - Attempting to locate auto-apply AttributeConverter for property [edu.matc.entity.User:username]
[DEBUG] 2020-12-09 04:01:19.619 [main] SimpleValueBinder - building SimpleValue for username
[DEBUG] 2020-12-09 04:01:19.620 [main] PropertyBinder - Building property username
[DEBUG] 2020-12-09 04:01:19.620 [main] AnnotationBinder - Binding entity from annotated class: edu.matc.entity.Role
[DEBUG] 2020-12-09 04:01:19.620 [main] Ejb3Column - Binding column: Ejb3DiscriminatorColumn{logicalColumnName'DTYPE', discriminatorTypeName='string'}
[DEBUG] 2020-12-09 04:01:19.620 [main] EntityBinder - Import with entity name Role
[DEBUG] 2020-12-09 04:01:19.621 [main] EntityBinder - Bind entity edu.matc.entity.Role on table user_roles
[DEBUG] 2020-12-09 04:01:19.623 [main] Ejb3Column - Binding column: Ejb3Column{table=org.hibernate.mapping.Table(user_roles), mappingColumn=id, insertable=true, updatable=true, unique=false}
[DEBUG] 2020-12-09 04:01:19.623 [main] PropertyBinder - MetadataSourceProcessor property id with lazy=false
[DEBUG] 2020-12-09 04:01:19.623 [main] AbstractPropertyHolder - Attempting to locate auto-apply AttributeConverter for property [edu.matc.entity.Role:id]
[DEBUG] 2020-12-09 04:01:19.623 [main] SimpleValueBinder - building SimpleValue for id
[DEBUG] 2020-12-09 04:01:19.623 [main] PropertyBinder - Building property id
[DEBUG] 2020-12-09 04:01:19.625 [main] BinderHelper - #makeIdGenerator(org.hibernate.mapping.SimpleValue([org.hibernate.mapping.Column(id)]), id, identity, native, ...)
[DEBUG] 2020-12-09 04:01:19.626 [main] Ejb3Column - Binding column: Ejb3Column{table=org.hibernate.mapping.Table(user_roles), mappingColumn=role_name, insertable=true, updatable=true, unique=false}
[DEBUG] 2020-12-09 04:01:19.626 [main] PropertyBinder - MetadataSourceProcessor property roleName with lazy=false
[DEBUG] 2020-12-09 04:01:19.626 [main] AbstractPropertyHolder - Attempting to locate auto-apply AttributeConverter for property [edu.matc.entity.Role:roleName]
[DEBUG] 2020-12-09 04:01:19.626 [main] SimpleValueBinder - building SimpleValue for roleName
[DEBUG] 2020-12-09 04:01:19.626 [main] PropertyBinder - Building property roleName
[DEBUG] 2020-12-09 04:01:19.626 [main] Ejb3Column - Binding column: Ejb3JoinColumn{logicalColumnName='user_id', referencedColumn='', mappedBy=''}
[DEBUG] 2020-12-09 04:01:19.626 [main] Ejb3Column - Binding column: Ejb3Column{table=org.hibernate.mapping.Table(user_roles), mappingColumn=user, insertable=true, updatable=true, unique=false}
[DEBUG] 2020-12-09 04:01:19.627 [main] PropertyBinder - Building property user
[DEBUG] 2020-12-09 04:01:19.628 [main] Ejb3Column - Binding column: Ejb3Column{table=org.hibernate.mapping.Table(user_roles), mappingColumn=username, insertable=true, updatable=true, unique=false}
[DEBUG] 2020-12-09 04:01:19.628 [main] PropertyBinder - MetadataSourceProcessor property username with lazy=false
[DEBUG] 2020-12-09 04:01:19.628 [main] AbstractPropertyHolder - Attempting to locate auto-apply AttributeConverter for property [edu.matc.entity.Role:username]
[DEBUG] 2020-12-09 04:01:19.628 [main] SimpleValueBinder - building SimpleValue for username
[DEBUG] 2020-12-09 04:01:19.628 [main] PropertyBinder - Building property username
[DEBUG] 2020-12-09 04:01:19.628 [main] AnnotationBinder - Binding entity from annotated class: edu.matc.entity.Topping
[DEBUG] 2020-12-09 04:01:19.628 [main] Ejb3Column - Binding column: Ejb3DiscriminatorColumn{logicalColumnName'DTYPE', discriminatorTypeName='string'}
[DEBUG] 2020-12-09 04:01:19.628 [main] EntityBinder - Import with entity name Topping
[DEBUG] 2020-12-09 04:01:19.628 [main] EntityBinder - Bind entity edu.matc.entity.Topping on table toppings
[DEBUG] 2020-12-09 04:01:19.629 [main] Ejb3Column - Binding column: Ejb3Column{table=org.hibernate.mapping.Table(toppings), mappingColumn=id, insertable=true, updatable=true, unique=false}
[DEBUG] 2020-12-09 04:01:19.629 [main] PropertyBinder - MetadataSourceProcessor property id with lazy=false
[DEBUG] 2020-12-09 04:01:19.629 [main] AbstractPropertyHolder - Attempting to locate auto-apply AttributeConverter for property [edu.matc.entity.Topping:id]
[DEBUG] 2020-12-09 04:01:19.629 [main] SimpleValueBinder - building SimpleValue for id
[DEBUG] 2020-12-09 04:01:19.629 [main] PropertyBinder - Building property id
[DEBUG] 2020-12-09 04:01:19.629 [main] BinderHelper - #makeIdGenerator(org.hibernate.mapping.SimpleValue([org.hibernate.mapping.Column(id)]), id, identity, native, ...)
[DEBUG] 2020-12-09 04:01:19.630 [main] Ejb3Column - Binding column: Ejb3Column{table=org.hibernate.mapping.Table(toppings), mappingColumn=popularity, insertable=true, updatable=true, unique=false}
[DEBUG] 2020-12-09 04:01:19.630 [main] PropertyBinder - MetadataSourceProcessor property popularity with lazy=false
[DEBUG] 2020-12-09 04:01:19.630 [main] AbstractPropertyHolder - Attempting to locate auto-apply AttributeConverter for property [edu.matc.entity.Topping:popularity]
[DEBUG] 2020-12-09 04:01:19.630 [main] SimpleValueBinder - building SimpleValue for popularity
[DEBUG] 2020-12-09 04:01:19.630 [main] PropertyBinder - Building property popularity
[DEBUG] 2020-12-09 04:01:19.630 [main] Ejb3Column - Binding column: Ejb3Column{table=org.hibernate.mapping.Table(toppings), mappingColumn=topping, insertable=true, updatable=true, unique=false}
[DEBUG] 2020-12-09 04:01:19.630 [main] PropertyBinder - MetadataSourceProcessor property topping with lazy=false
[DEBUG] 2020-12-09 04:01:19.630 [main] AbstractPropertyHolder - Attempting to locate auto-apply AttributeConverter for property [edu.matc.entity.Topping:topping]
[DEBUG] 2020-12-09 04:01:19.630 [main] SimpleValueBinder - building SimpleValue for topping
[DEBUG] 2020-12-09 04:01:19.630 [main] PropertyBinder - Building property topping
[DEBUG] 2020-12-09 04:01:19.630 [main] Ejb3Column - Binding column: Ejb3Column{table=org.hibernate.mapping.Table(toppings), mappingColumn=null, insertable=true, updatable=true, unique=false}
[DEBUG] 2020-12-09 04:01:19.630 [main] Ejb3Column - Binding column: Ejb3Column{table=org.hibernate.mapping.Table(toppings), mappingColumn=element, insertable=true, updatable=true, unique=false}
[DEBUG] 2020-12-09 04:01:19.630 [main] Ejb3Column - Binding column: Ejb3Column{table=org.hibernate.mapping.Table(toppings), mappingColumn=users_KEY, insertable=true, updatable=true, unique=false}
[DEBUG] 2020-12-09 04:01:19.631 [main] Ejb3Column - Binding column: Ejb3JoinColumn{logicalColumnName='users_KEY', referencedColumn='null', mappedBy='null'}
[DEBUG] 2020-12-09 04:01:19.631 [main] Ejb3Column - Binding column: Ejb3JoinColumn{logicalColumnName='null', referencedColumn='null', mappedBy='toppings'}
[DEBUG] 2020-12-09 04:01:19.631 [main] Ejb3Column - Binding column: Ejb3JoinColumn{logicalColumnName='null', referencedColumn='null', mappedBy='toppings'}
[DEBUG] 2020-12-09 04:01:19.631 [main] CollectionBinder - Collection role: edu.matc.entity.Topping.users
[DEBUG] 2020-12-09 04:01:19.631 [main] PropertyBinder - Building property users
[DEBUG] 2020-12-09 04:01:19.632 [main] SimpleValueBinder - Starting fillSimpleValue for id
[DEBUG] 2020-12-09 04:01:19.632 [main] SimpleValueBinder - Starting fillSimpleValue for password
[DEBUG] 2020-12-09 04:01:19.632 [main] SimpleValueBinder - Starting fillSimpleValue for username
[DEBUG] 2020-12-09 04:01:19.632 [main] SimpleValueBinder - Starting fillSimpleValue for id
[DEBUG] 2020-12-09 04:01:19.632 [main] SimpleValueBinder - Starting fillSimpleValue for roleName
[DEBUG] 2020-12-09 04:01:19.632 [main] SimpleValueBinder - Starting fillSimpleValue for username
[DEBUG] 2020-12-09 04:01:19.632 [main] SimpleValueBinder - Starting fillSimpleValue for id
[DEBUG] 2020-12-09 04:01:19.632 [main] SimpleValueBinder - Starting fillSimpleValue for popularity
[DEBUG] 2020-12-09 04:01:19.632 [main] SimpleValueBinder - Starting fillSimpleValue for topping
[DEBUG] 2020-12-09 04:01:19.634 [main] PrimaryKey - Forcing column [id] to be non-null as it is part of the primary key for table [user]
[DEBUG] 2020-12-09 04:01:19.634 [main] PrimaryKey - Forcing column [id] to be non-null as it is part of the primary key for table [user_roles]
[DEBUG] 2020-12-09 04:01:19.634 [main] PrimaryKey - Forcing column [id] to be non-null as it is part of the primary key for table [toppings]
[DEBUG] 2020-12-09 04:01:19.634 [main] CollectionSecondPass - Second pass for collection: edu.matc.entity.User.toppings
[DEBUG] 2020-12-09 04:01:19.634 [main] CollectionBinder - Binding as ManyToMany: edu.matc.entity.User.toppings
[DEBUG] 2020-12-09 04:01:19.636 [main] PrimaryKey - Forcing column [user_id] to be non-null as it is part of the primary key for table [liked_toppings]
[DEBUG] 2020-12-09 04:01:19.636 [main] PrimaryKey - Forcing column [topping_id] to be non-null as it is part of the primary key for table [liked_toppings]
[DEBUG] 2020-12-09 04:01:19.636 [main] CollectionSecondPass - Mapped collection key: user_id, element: topping_id
[DEBUG] 2020-12-09 04:01:19.636 [main] CollectionSecondPass - Second pass for collection: edu.matc.entity.Topping.users
[DEBUG] 2020-12-09 04:01:19.636 [main] CollectionBinder - Binding as ManyToMany: edu.matc.entity.Topping.users
[DEBUG] 2020-12-09 04:01:19.636 [main] TableBinder - Retrieving property edu.matc.entity.User.toppings
[DEBUG] 2020-12-09 04:01:19.636 [main] CollectionSecondPass - Mapped collection key: topping_id, element: user_id
[DEBUG] 2020-12-09 04:01:19.636 [main] InFlightMetadataCollectorImpl - Resolving reference to class: edu.matc.entity.Topping
[DEBUG] 2020-12-09 04:01:19.638 [main] InFlightMetadataCollectorImpl - Resolving reference to class: edu.matc.entity.User
[DEBUG] 2020-12-09 04:01:19.638 [main] InFlightMetadataCollectorImpl - Resolving reference to class: edu.matc.entity.User
[DEBUG] 2020-12-09 04:01:19.639 [main] InFlightMetadataCollectorImpl - Resolving reference to class: edu.matc.entity.Topping
[DEBUG] 2020-12-09 04:01:19.639 [main] InFlightMetadataCollectorImpl - Resolving reference to class: edu.matc.entity.User
[DEBUG] 2020-12-09 04:01:19.639 [main] InFlightMetadataCollectorImpl - Resolving reference to class: edu.matc.entity.User
[DEBUG] 2020-12-09 04:01:19.657 [main] SessionFactoryImpl - Building session factory
[DEBUG] 2020-12-09 04:01:19.658 [main] Settings - SessionFactory name : null
[DEBUG] 2020-12-09 04:01:19.658 [main] Settings - Automatic flush during beforeCompletion(): enabled
[DEBUG] 2020-12-09 04:01:19.658 [main] Settings - Automatic session close at end of transaction: disabled
[DEBUG] 2020-12-09 04:01:19.658 [main] Settings - Statistics: disabled
[DEBUG] 2020-12-09 04:01:19.658 [main] Settings - Deleted entity synthetic identifier rollback: disabled
[DEBUG] 2020-12-09 04:01:19.658 [main] Settings - Default entity-mode: pojo
[DEBUG] 2020-12-09 04:01:19.658 [main] Settings - Check Nullability in Core (should be disabled when Bean Validation is on): enabled
[DEBUG] 2020-12-09 04:01:19.658 [main] Settings - Allow initialization of lazy state outside session : disabled
[DEBUG] 2020-12-09 04:01:19.658 [main] Settings - Using BatchFetchStyle : LEGACY
[DEBUG] 2020-12-09 04:01:19.658 [main] Settings - Default batch fetch size: -1
[DEBUG] 2020-12-09 04:01:19.658 [main] Settings - Maximum outer join fetch depth: 2
[DEBUG] 2020-12-09 04:01:19.658 [main] Settings - Default null ordering: NONE
[DEBUG] 2020-12-09 04:01:19.658 [main] Settings - Order SQL updates by primary key: disabled
[DEBUG] 2020-12-09 04:01:19.658 [main] Settings - Order SQL inserts for batching: disabled
[DEBUG] 2020-12-09 04:01:19.658 [main] Settings - multi-tenancy strategy : NONE
[DEBUG] 2020-12-09 04:01:19.658 [main] Settings - JTA Track by Thread: enabled
[DEBUG] 2020-12-09 04:01:19.658 [main] Settings - Query language substitutions: {}
[DEBUG] 2020-12-09 04:01:19.659 [main] Settings - Named query checking : enabled
[DEBUG] 2020-12-09 04:01:19.659 [main] Settings - Second-level cache: disabled
[DEBUG] 2020-12-09 04:01:19.659 [main] Settings - Second-level query cache: disabled
[DEBUG] 2020-12-09 04:01:19.659 [main] Settings - Second-level query cache factory: null
[DEBUG] 2020-12-09 04:01:19.659 [main] Settings - Second-level cache region prefix: null
[DEBUG] 2020-12-09 04:01:19.659 [main] Settings - Optimize second-level cache for minimal puts: disabled
[DEBUG] 2020-12-09 04:01:19.659 [main] Settings - Structured second-level cache entries: disabled
[DEBUG] 2020-12-09 04:01:19.659 [main] Settings - Second-level cache direct-reference entries: disabled
[DEBUG] 2020-12-09 04:01:19.659 [main] Settings - Automatic eviction of collection cache: disabled
[DEBUG] 2020-12-09 04:01:19.659 [main] Settings - JDBC batch size: 15
[DEBUG] 2020-12-09 04:01:19.659 [main] Settings - JDBC batch updates for versioned data: enabled
[DEBUG] 2020-12-09 04:01:19.659 [main] Settings - Scrollable result sets: enabled
[DEBUG] 2020-12-09 04:01:19.659 [main] Settings - Wrap result sets: disabled
[DEBUG] 2020-12-09 04:01:19.659 [main] Settings - JDBC3 getGeneratedKeys(): enabled
[DEBUG] 2020-12-09 04:01:19.659 [main] Settings - JDBC result set fetch size: null
[DEBUG] 2020-12-09 04:01:19.659 [main] Settings - Connection release mode: AFTER_TRANSACTION
[DEBUG] 2020-12-09 04:01:19.659 [main] Settings - Generate SQL with comments: disabled
[DEBUG] 2020-12-09 04:01:19.659 [main] Settings - JPA compliance - query : 
[DEBUG] 2020-12-09 04:01:19.659 [main] Settings - JPA compliance - closed-handling : 
[DEBUG] 2020-12-09 04:01:19.659 [main] Settings - JPA compliance - lists : 
[DEBUG] 2020-12-09 04:01:19.659 [main] Settings - JPA compliance - transactions : 
[INFO ] 2020-12-09 04:01:19.686 [main] beans - HHH10005002: No explicit CDI BeanManager reference was passed to Hibernate, but CDI is available on the Hibernate ClassLoader.
[DEBUG] 2020-12-09 04:01:19.697 [main] SessionFactoryImpl - Session factory constructed with filter configurations : {}
[DEBUG] 2020-12-09 04:01:19.697 [main] SessionFactoryImpl - Instantiating session factory with properties: {sun.desktop=gnome, awt.toolkit=sun.awt.X11.XToolkit, java.specification.version=11, sun.cpu.isalist=, hibernate.c3p0.idle_test_period=3000, sun.jnu.encoding=UTF-8, hibernate.c3p0.min_size=5, java.class.path=/home/student/intellij/lib/idea_rt.jar:/home/student/intellij/plugins/junit/lib/junit5-rt.jar:/home/student/intellij/plugins/junit/lib/junit-rt.jar:/home/student/IdeaProjects/PizzaBuilder/target/test-classes:/home/student/IdeaProjects/PizzaBuilder/target/classes:/home/student/.m2/repository/org/hibernate/hibernate-core/5.4.4.Final/hibernate-core-5.4.4.Final.jar:/home/student/.m2/repository/org/jboss/logging/jboss-logging/3.3.2.Final/jboss-logging-3.3.2.Final.jar:/home/student/.m2/repository/javax/persistence/javax.persistence-api/2.2/javax.persistence-api-2.2.jar:/home/student/.m2/repository/org/javassist/javassist/3.24.0-GA/javassist-3.24.0-GA.jar:/home/student/.m2/repository/net/bytebuddy/byte-buddy/1.9.11/byte-buddy-1.9.11.jar:/home/student/.m2/repository/antlr/antlr/2.7.7/antlr-2.7.7.jar:/home/student/.m2/repository/org/jboss/spec/javax/transaction/jboss-transaction-api_1.2_spec/1.1.1.Final/jboss-transaction-api_1.2_spec-1.1.1.Final.jar:/home/student/.m2/repository/org/jboss/jandex/2.0.5.Final/jandex-2.0.5.Final.jar:/home/student/.m2/repository/com/fasterxml/classmate/1.3.4/classmate-1.3.4.jar:/home/student/.m2/repository/javax/activation/javax.activation-api/1.2.0/javax.activation-api-1.2.0.jar:/home/student/.m2/repository/org/dom4j/dom4j/2.1.1/dom4j-2.1.1.jar:/home/student/.m2/repository/org/hibernate/common/hibernate-commons-annotations/5.1.0.Final/hibernate-commons-annotations-5.1.0.Final.jar:/home/student/.m2/repository/javax/xml/bind/jaxb-api/2.3.1/jaxb-api-2.3.1.jar:/home/student/.m2/repository/org/glassfish/jaxb/jaxb-runtime/2.3.1/jaxb-runtime-2.3.1.jar:/home/student/.m2/repository/org/glassfish/jaxb/txw2/2.3.1/txw2-2.3.1.jar:/home/student/.m2/repository/com/sun/istack/istack-commons-runtime/3.0.7/istack-commons-runtime-3.0.7.jar:/home/student/.m2/repository/org/jvnet/staxex/stax-ex/1.8/stax-ex-1.8.jar:/home/student/.m2/repository/com/sun/xml/fastinfoset/FastInfoset/1.2.15/FastInfoset-1.2.15.jar:/home/student/.m2/repository/org/hibernate/hibernate-c3p0/5.4.4.Final/hibernate-c3p0-5.4.4.Final.jar:/home/student/.m2/repository/com/mchange/c3p0/0.9.5.3/c3p0-0.9.5.3.jar:/home/student/.m2/repository/com/mchange/mchange-commons-java/0.2.15/mchange-commons-java-0.2.15.jar:/home/student/.m2/repository/org/apache/logging/log4j/log4j-api/2.10.0/log4j-api-2.10.0.jar:/home/student/.m2/repository/org/apache/logging/log4j/log4j-core/2.10.0/log4j-core-2.10.0.jar:/home/student/.m2/repository/javax/javaee-web-api/7.0/javaee-web-api-7.0.jar:/home/student/.m2/repository/org/junit/platform/junit-platform-runner/1.0.0/junit-platform-runner-1.0.0.jar:/home/student/.m2/repository/org/apiguardian/apiguardian-api/1.0.0/apiguardian-api-1.0.0.jar:/home/student/.m2/repository/org/junit/platform/junit-platform-launcher/1.0.0/junit-platform-launcher-1.0.0.jar:/home/student/.m2/repository/org/junit/platform/junit-platform-suite-api/1.0.0/junit-platform-suite-api-1.0.0.jar:/home/student/.m2/repository/org/junit/platform/junit-platform-commons/1.0.0/junit-platform-commons-1.0.0.jar:/home/student/.m2/repository/org/junit/vintage/junit-vintage-engine/4.12.0/junit-vintage-engine-4.12.0.jar:/home/student/.m2/repository/org/junit/platform/junit-platform-engine/1.0.0/junit-platform-engine-1.0.0.jar:/home/student/.m2/repository/org/opentest4j/opentest4j/1.0.0/opentest4j-1.0.0.jar:/home/student/.m2/repository/org/junit/jupiter/junit-jupiter-engine/5.0.0/junit-jupiter-engine-5.0.0.jar:/home/student/.m2/repository/org/junit/jupiter/junit-jupiter-api/5.0.0/junit-jupiter-api-5.0.0.jar:/home/student/.m2/repository/junit/junit/4.12/junit-4.12.jar:/home/student/.m2/repository/org/hamcrest/hamcrest-core/1.3/hamcrest-core-1.3.jar:/home/student/.m2/repository/jstl/jstl/1.2/jstl-1.2.jar:/home/student/.m2/repository/mysql/mysql-connector-java/8.0.16/mysql-connector-java-8.0.16.jar:/home/student/.m2/repository/com/google/protobuf/protobuf-java/3.6.1/protobuf-java-3.6.1.jar, java.vm.vendor=Ubuntu, sun.arch.data.model=64, idea.test.cyclic.buffer.size=1048576, java.vendor.url=https://ubuntu.com/, user.timezone=America/Chicago, os.name=Linux, java.vm.specification.version=11, sun.java.launcher=SUN_STANDARD, user.country=US, sun.boot.library.path=/usr/lib/jvm/java-11-openjdk-amd64/lib, sun.java.command=com.intellij.rt.junit.JUnitStarter -ideVersion5 -junit5 edu.matc.persistence.LikedToppingsManyToManyTest,getAllUsersLikedToppings, jdk.debug=release, sun.cpu.endian=little, user.home=/home/student, hibernate.c3p0.max_statements=50, user.language=en, java.specification.vendor=Oracle Corporation, java.version.date=2020-11-04, java.home=/usr/lib/jvm/java-11-openjdk-amd64, file.separator=/, java.vm.compressedOopsMode=32-bit, line.separator=
, hibernate.c3p0.timeout=300, java.specification.name=Java Platform API Specification, java.vm.specification.vendor=Oracle Corporation, java.awt.graphicsenv=sun.awt.X11GraphicsEnvironment, connection.password=student, sun.management.compiler=HotSpot 64-Bit Tiered Compilers, hibernate.c3p0.max_size=20, java.runtime.version=11.0.9.1+1-Ubuntu-0ubuntu1.18.04, user.name=student, path.separator=:, hibernate.connection.username=****, os.version=5.4.0-56-generic, java.runtime.name=OpenJDK Runtime Environment, hibernate.connection.url=jdbc:mysql://localhost:3306/PizzaBuilderTest, file.encoding=UTF-8, java.vm.name=OpenJDK 64-Bit Server VM, hibernate.connection.driver_class=com.mysql.cj.jdbc.Driver, java.vendor.url.bug=https://bugs.launchpad.net/ubuntu/+source/openjdk-lts, java.io.tmpdir=/tmp, java.version=11.0.9.1, user.dir=/home/student/IdeaProjects/PizzaBuilder, os.arch=amd64, connection.username=root, java.vm.specification.name=Java Virtual Machine Specification, java.awt.printerjob=sun.print.PSPrinterJob, hibernate.connection.password=****, sun.os.patch.level=unknown, connection.driver_class=com.mysql.cj.jdbc.Driver, hibernate.boot.CfgXmlAccessService.key=org.hibernate.boot.cfgxml.spi.LoadedConfig@1d0cac30, java.library.path=/usr/java/packages/lib:/usr/lib/x86_64-linux-gnu/jni:/lib/x86_64-linux-gnu:/usr/lib/x86_64-linux-gnu:/usr/lib/jni:/lib:/usr/lib, java.vendor=Ubuntu, java.vm.info=mixed mode, sharing, java.vm.version=11.0.9.1+1-Ubuntu-0ubuntu1.18.04, hibernate.bytecode.use_reflection_optimizer=false, sun.io.unicode.encoding=UnicodeLittle, connection.url=jdbc:mysql://localhost:3306/PizzaBuilderTest, java.class.version=55.0}
[DEBUG] 2020-12-09 04:01:19.707 [main] TypeSafeActivator - Unable to acquire Bean Validation ValidatorFactory, skipping activation
[DEBUG] 2020-12-09 04:01:19.707 [main] JaccIntegrator - Skipping JACC integration as it was not enabled
[DEBUG] 2020-12-09 04:01:19.708 [main] SessionFactoryImpl - Instantiated session factory
[DEBUG] 2020-12-09 04:01:19.708 [main] TypeConfiguration$Scope - Scoping TypeConfiguration [org.hibernate.type.spi.TypeConfiguration@78e17a99] to SessionFactoryImpl [org.hibernate.internal.SessionFactoryImpl@2668c286]
[DEBUG] 2020-12-09 04:01:19.749 [main] ClassLoaderAccessImpl - Not known whether passed class name [edu.matc.entity.User] is safe
[DEBUG] 2020-12-09 04:01:19.749 [main] ClassLoaderAccessImpl - No temp ClassLoader provided; using live ClassLoader for loading potentially unsafe class : edu.matc.entity.User
[DEBUG] 2020-12-09 04:01:19.771 [main] ClassLoaderAccessImpl - Not known whether passed class name [edu.matc.entity.User] is safe
[DEBUG] 2020-12-09 04:01:19.778 [main] ClassLoaderAccessImpl - No temp ClassLoader provided; using live ClassLoader for loading potentially unsafe class : edu.matc.entity.User
[DEBUG] 2020-12-09 04:01:19.899 [main] ClassLoaderAccessImpl - Not known whether passed class name [edu.matc.entity.Topping] is safe
[DEBUG] 2020-12-09 04:01:19.900 [main] ClassLoaderAccessImpl - No temp ClassLoader provided; using live ClassLoader for loading potentially unsafe class : edu.matc.entity.Topping
[DEBUG] 2020-12-09 04:01:19.900 [main] ClassLoaderAccessImpl - Not known whether passed class name [edu.matc.entity.Topping] is safe
[DEBUG] 2020-12-09 04:01:19.900 [main] ClassLoaderAccessImpl - No temp ClassLoader provided; using live ClassLoader for loading potentially unsafe class : edu.matc.entity.Topping
[DEBUG] 2020-12-09 04:01:19.909 [main] ClassLoaderAccessImpl - Not known whether passed class name [edu.matc.entity.Role] is safe
[DEBUG] 2020-12-09 04:01:19.909 [main] ClassLoaderAccessImpl - No temp ClassLoader provided; using live ClassLoader for loading potentially unsafe class : edu.matc.entity.Role
[DEBUG] 2020-12-09 04:01:19.910 [main] ClassLoaderAccessImpl - Not known whether passed class name [edu.matc.entity.Role] is safe
[DEBUG] 2020-12-09 04:01:19.910 [main] ClassLoaderAccessImpl - No temp ClassLoader provided; using live ClassLoader for loading potentially unsafe class : edu.matc.entity.Role
[DEBUG] 2020-12-09 04:01:19.921 [main] AbstractCollectionPersister - Static SQL for collection: edu.matc.entity.Topping.users
[DEBUG] 2020-12-09 04:01:19.921 [main] AbstractCollectionPersister -  Row insert: insert into liked_toppings (topping_id, user_id) values (?, ?)
[DEBUG] 2020-12-09 04:01:19.921 [main] AbstractCollectionPersister -  Row update: update liked_toppings set user_id=? where topping_id=? and user_id=?
[DEBUG] 2020-12-09 04:01:19.921 [main] AbstractCollectionPersister -  Row delete: delete from liked_toppings where topping_id=? and user_id=?
[DEBUG] 2020-12-09 04:01:19.921 [main] AbstractCollectionPersister -  One-shot delete: delete from liked_toppings where topping_id=?
[DEBUG] 2020-12-09 04:01:19.922 [main] AbstractCollectionPersister - Static SQL for collection: edu.matc.entity.User.toppings
[DEBUG] 2020-12-09 04:01:19.922 [main] AbstractCollectionPersister -  Row insert: insert into liked_toppings (user_id, topping_id) values (?, ?)
[DEBUG] 2020-12-09 04:01:19.922 [main] AbstractCollectionPersister -  Row update: update liked_toppings set topping_id=? where user_id=? and topping_id=?
[DEBUG] 2020-12-09 04:01:19.922 [main] AbstractCollectionPersister -  Row delete: delete from liked_toppings where user_id=? and topping_id=?
[DEBUG] 2020-12-09 04:01:19.922 [main] AbstractCollectionPersister -  One-shot delete: delete from liked_toppings where user_id=?
[DEBUG] 2020-12-09 04:01:19.923 [main] AbstractEntityPersister - Static SQL for entity: edu.matc.entity.User
[DEBUG] 2020-12-09 04:01:19.924 [main] AbstractEntityPersister -  Version select: select id from user where id =?
[DEBUG] 2020-12-09 04:01:19.924 [main] AbstractEntityPersister -  Snapshot select: select user_.id, user_.password as password2_2_, user_.username as username3_2_ from user user_ where user_.id=?
[DEBUG] 2020-12-09 04:01:19.924 [main] AbstractEntityPersister -  Insert 0: insert into user (password, username, id) values (?, ?, ?)
[DEBUG] 2020-12-09 04:01:19.924 [main] AbstractEntityPersister -  Update 0: update user set password=?, username=? where id=?
[DEBUG] 2020-12-09 04:01:19.924 [main] AbstractEntityPersister -  Delete 0: delete from user where id=?
[DEBUG] 2020-12-09 04:01:19.924 [main] AbstractEntityPersister -  Identity insert: insert into user (password, username) values (?, ?)
[DEBUG] 2020-12-09 04:01:19.934 [main] QuerySpacesImpl - Adding QuerySpace : uid = <gen:0> -> org.hibernate.loader.plan.build.internal.spaces.EntityQuerySpaceImpl@5c8d58ed]
[DEBUG] 2020-12-09 04:01:19.935 [main] MetamodelGraphWalker - Visiting attribute path : password
[DEBUG] 2020-12-09 04:01:19.935 [main] MetamodelGraphWalker - Visiting attribute path : toppings
[DEBUG] 2020-12-09 04:01:19.937 [main] QuerySpacesImpl - Adding QuerySpace : uid = <gen:1> -> org.hibernate.loader.plan.build.internal.spaces.CollectionQuerySpaceImpl@2dbfa972]
[DEBUG] 2020-12-09 04:01:19.939 [main] QuerySpacesImpl - Adding QuerySpace : uid = <gen:2> -> org.hibernate.loader.plan.build.internal.spaces.EntityQuerySpaceImpl@49a38b1]
[DEBUG] 2020-12-09 04:01:19.940 [main] MetamodelGraphWalker - Visiting attribute path : toppings.popularity
[DEBUG] 2020-12-09 04:01:19.940 [main] MetamodelGraphWalker - Visiting attribute path : toppings.topping
[DEBUG] 2020-12-09 04:01:19.940 [main] MetamodelGraphWalker - Visiting attribute path : toppings.users
[DEBUG] 2020-12-09 04:01:19.940 [main] MetamodelGraphWalker - Property path deemed to be circular : toppings.users
[DEBUG] 2020-12-09 04:01:19.941 [main] MetamodelGraphWalker - Visiting attribute path : username
[DEBUG] 2020-12-09 04:01:19.941 [main] FetchStyleLoadPlanBuildingAssociationVisitationStrategy - Building LoadPlan...
[DEBUG] 2020-12-09 04:01:19.948 [main] LoadQueryJoinAndFetchProcessor - processing queryspace <gen:0>
[DEBUG] 2020-12-09 04:01:19.952 [main] LoadPlanTreePrinter - LoadPlan(entity=edu.matc.entity.User)
    - Returns
       - EntityReturnImpl(entity=edu.matc.entity.User, querySpaceUid=<gen:0>, path=edu.matc.entity.User)
          - CollectionAttributeFetchImpl(collection=edu.matc.entity.User.toppings, querySpaceUid=<gen:1>, path=edu.matc.entity.User.toppings)
             - (collection element) CollectionFetchableElementEntityGraph(entity=edu.matc.entity.Topping, querySpaceUid=<gen:2>, path=edu.matc.entity.User.toppings.<elements>)
    - QuerySpaces
       - EntityQuerySpaceImpl(uid=<gen:0>, entity=edu.matc.entity.User)
          - SQL table alias mapping - user0_
          - alias suffix - 0_
          - suffixed key columns - {id1_2_0_}
          - JOIN (JoinDefinedByMetadata(toppings)) : <gen:0> -> <gen:1>
             - CollectionQuerySpaceImpl(uid=<gen:1>, collection=edu.matc.entity.User.toppings)
                - SQL table alias mapping - toppings1_
                - alias suffix - 1_
                - suffixed key columns - {user_id1_0_1_}
                - entity-element alias suffix - 2_
                - 2_entity-element suffixed key columns - id1_1_2_
                - JOIN (JoinDefinedByMetadata(elements)) : <gen:1> -> <gen:2>
                   - EntityQuerySpaceImpl(uid=<gen:2>, entity=edu.matc.entity.Topping)
                      - SQL table alias mapping - topping2_
                      - alias suffix - 2_
                      - suffixed key columns - {id1_1_2_}

[DEBUG] 2020-12-09 04:01:19.953 [main] EntityLoader - Static select for entity edu.matc.entity.User [NONE]: select user0_.id as id1_2_0_, user0_.password as password2_2_0_, user0_.username as username3_2_0_, toppings1_.user_id as user_id1_0_1_, topping2_.id as topping_2_0_1_, topping2_.id as id1_1_2_, topping2_.popularity as populari2_1_2_, topping2_.topping as topping3_1_2_ from user user0_ left outer join liked_toppings toppings1_ on user0_.id=toppings1_.user_id left outer join toppings topping2_ on toppings1_.topping_id=topping2_.id where user0_.id=?
[DEBUG] 2020-12-09 04:01:19.953 [main] QuerySpacesImpl - Adding QuerySpace : uid = <gen:0> -> org.hibernate.loader.plan.build.internal.spaces.EntityQuerySpaceImpl@747f6c5a]
[DEBUG] 2020-12-09 04:01:19.953 [main] MetamodelGraphWalker - Visiting attribute path : password
[DEBUG] 2020-12-09 04:01:19.953 [main] MetamodelGraphWalker - Visiting attribute path : toppings
[DEBUG] 2020-12-09 04:01:19.953 [main] QuerySpacesImpl - Adding QuerySpace : uid = <gen:1> -> org.hibernate.loader.plan.build.internal.spaces.CollectionQuerySpaceImpl@5b48f0f4]
[DEBUG] 2020-12-09 04:01:19.953 [main] QuerySpacesImpl - Adding QuerySpace : uid = <gen:2> -> org.hibernate.loader.plan.build.internal.spaces.EntityQuerySpaceImpl@546ed2a0]
[DEBUG] 2020-12-09 04:01:19.953 [main] MetamodelGraphWalker - Visiting attribute path : toppings.popularity
[DEBUG] 2020-12-09 04:01:19.953 [main] MetamodelGraphWalker - Visiting attribute path : toppings.topping
[DEBUG] 2020-12-09 04:01:19.953 [main] MetamodelGraphWalker - Visiting attribute path : toppings.users
[DEBUG] 2020-12-09 04:01:19.953 [main] MetamodelGraphWalker - Property path deemed to be circular : toppings.users
[DEBUG] 2020-12-09 04:01:19.953 [main] MetamodelGraphWalker - Visiting attribute path : username
[DEBUG] 2020-12-09 04:01:19.954 [main] FetchStyleLoadPlanBuildingAssociationVisitationStrategy - Building LoadPlan...
[DEBUG] 2020-12-09 04:01:19.954 [main] LoadQueryJoinAndFetchProcessor - processing queryspace <gen:0>
[DEBUG] 2020-12-09 04:01:19.954 [main] LoadPlanTreePrinter - LoadPlan(entity=edu.matc.entity.User)
    - Returns
       - EntityReturnImpl(entity=edu.matc.entity.User, querySpaceUid=<gen:0>, path=edu.matc.entity.User)
          - CollectionAttributeFetchImpl(collection=edu.matc.entity.User.toppings, querySpaceUid=<gen:1>, path=edu.matc.entity.User.toppings)
             - (collection element) CollectionFetchableElementEntityGraph(entity=edu.matc.entity.Topping, querySpaceUid=<gen:2>, path=edu.matc.entity.User.toppings.<elements>)
    - QuerySpaces
       - EntityQuerySpaceImpl(uid=<gen:0>, entity=edu.matc.entity.User)
          - SQL table alias mapping - user0_
          - alias suffix - 0_
          - suffixed key columns - {id1_2_0_}
          - JOIN (JoinDefinedByMetadata(toppings)) : <gen:0> -> <gen:1>
             - CollectionQuerySpaceImpl(uid=<gen:1>, collection=edu.matc.entity.User.toppings)
                - SQL table alias mapping - toppings1_
                - alias suffix - 1_
                - suffixed key columns - {user_id1_0_1_}
                - entity-element alias suffix - 2_
                - 2_entity-element suffixed key columns - id1_1_2_
                - JOIN (JoinDefinedByMetadata(elements)) : <gen:1> -> <gen:2>
                   - EntityQuerySpaceImpl(uid=<gen:2>, entity=edu.matc.entity.Topping)
                      - SQL table alias mapping - topping2_
                      - alias suffix - 2_
                      - suffixed key columns - {id1_1_2_}

[DEBUG] 2020-12-09 04:01:19.954 [main] EntityLoader - Static select for entity edu.matc.entity.User [READ]: select user0_.id as id1_2_0_, user0_.password as password2_2_0_, user0_.username as username3_2_0_, toppings1_.user_id as user_id1_0_1_, topping2_.id as topping_2_0_1_, topping2_.id as id1_1_2_, topping2_.popularity as populari2_1_2_, topping2_.topping as topping3_1_2_ from user user0_ left outer join liked_toppings toppings1_ on user0_.id=toppings1_.user_id left outer join toppings topping2_ on toppings1_.topping_id=topping2_.id where user0_.id=?
[DEBUG] 2020-12-09 04:01:19.963 [main] Loader - Static select for action ACTION_MERGE on entity edu.matc.entity.User: select user0_.id as id1_2_1_, user0_.password as password2_2_1_, user0_.username as username3_2_1_, toppings1_.user_id as user_id1_0_3_, topping2_.id as topping_2_0_3_, topping2_.id as id1_1_0_, topping2_.popularity as populari2_1_0_, topping2_.topping as topping3_1_0_ from user user0_ left outer join liked_toppings toppings1_ on user0_.id=toppings1_.user_id left outer join toppings topping2_ on toppings1_.topping_id=topping2_.id where user0_.id=?
[DEBUG] 2020-12-09 04:01:19.963 [main] Loader - Static select for action ACTION_REFRESH on entity edu.matc.entity.User: select user0_.id as id1_2_1_, user0_.password as password2_2_1_, user0_.username as username3_2_1_, toppings1_.user_id as user_id1_0_3_, topping2_.id as topping_2_0_3_, topping2_.id as id1_1_0_, topping2_.popularity as populari2_1_0_, topping2_.topping as topping3_1_0_ from user user0_ left outer join liked_toppings toppings1_ on user0_.id=toppings1_.user_id left outer join toppings topping2_ on toppings1_.topping_id=topping2_.id where user0_.id=?
[DEBUG] 2020-12-09 04:01:19.964 [main] AbstractEntityPersister - Static SQL for entity: edu.matc.entity.Topping
[DEBUG] 2020-12-09 04:01:19.964 [main] AbstractEntityPersister -  Version select: select id from toppings where id =?
[DEBUG] 2020-12-09 04:01:19.964 [main] AbstractEntityPersister -  Snapshot select: select topping_.id, topping_.popularity as populari2_1_, topping_.topping as topping3_1_ from toppings topping_ where topping_.id=?
[DEBUG] 2020-12-09 04:01:19.964 [main] AbstractEntityPersister -  Insert 0: insert into toppings (popularity, topping, id) values (?, ?, ?)
[DEBUG] 2020-12-09 04:01:19.964 [main] AbstractEntityPersister -  Update 0: update toppings set popularity=?, topping=? where id=?
[DEBUG] 2020-12-09 04:01:19.964 [main] AbstractEntityPersister -  Delete 0: delete from toppings where id=?
[DEBUG] 2020-12-09 04:01:19.964 [main] AbstractEntityPersister -  Identity insert: insert into toppings (popularity, topping) values (?, ?)
[DEBUG] 2020-12-09 04:01:19.964 [main] QuerySpacesImpl - Adding QuerySpace : uid = <gen:0> -> org.hibernate.loader.plan.build.internal.spaces.EntityQuerySpaceImpl@175c5c3a]
[DEBUG] 2020-12-09 04:01:19.964 [main] MetamodelGraphWalker - Visiting attribute path : popularity
[DEBUG] 2020-12-09 04:01:19.964 [main] MetamodelGraphWalker - Visiting attribute path : topping
[DEBUG] 2020-12-09 04:01:19.964 [main] MetamodelGraphWalker - Visiting attribute path : users
[DEBUG] 2020-12-09 04:01:19.964 [main] QuerySpacesImpl - Adding QuerySpace : uid = <gen:1> -> org.hibernate.loader.plan.build.internal.spaces.CollectionQuerySpaceImpl@451e2fa9]
[DEBUG] 2020-12-09 04:01:19.964 [main] QuerySpacesImpl - Adding QuerySpace : uid = <gen:2> -> org.hibernate.loader.plan.build.internal.spaces.EntityQuerySpaceImpl@497ed877]
[DEBUG] 2020-12-09 04:01:19.964 [main] MetamodelGraphWalker - Visiting attribute path : users.password
[DEBUG] 2020-12-09 04:01:19.964 [main] MetamodelGraphWalker - Visiting attribute path : users.toppings
[DEBUG] 2020-12-09 04:01:19.964 [main] MetamodelGraphWalker - Property path deemed to be circular : users.toppings
[DEBUG] 2020-12-09 04:01:19.964 [main] MetamodelGraphWalker - Visiting attribute path : users.username
[DEBUG] 2020-12-09 04:01:19.964 [main] FetchStyleLoadPlanBuildingAssociationVisitationStrategy - Building LoadPlan...
[DEBUG] 2020-12-09 04:01:19.964 [main] LoadQueryJoinAndFetchProcessor - processing queryspace <gen:0>
[DEBUG] 2020-12-09 04:01:19.965 [main] LoadPlanTreePrinter - LoadPlan(entity=edu.matc.entity.Topping)
    - Returns
       - EntityReturnImpl(entity=edu.matc.entity.Topping, querySpaceUid=<gen:0>, path=edu.matc.entity.Topping)
          - CollectionAttributeFetchImpl(collection=edu.matc.entity.Topping.users, querySpaceUid=<gen:1>, path=edu.matc.entity.Topping.users)
             - (collection element) CollectionFetchableElementEntityGraph(entity=edu.matc.entity.User, querySpaceUid=<gen:2>, path=edu.matc.entity.Topping.users.<elements>)
    - QuerySpaces
       - EntityQuerySpaceImpl(uid=<gen:0>, entity=edu.matc.entity.Topping)
          - SQL table alias mapping - topping0_
          - alias suffix - 0_
          - suffixed key columns - {id1_1_0_}
          - JOIN (JoinDefinedByMetadata(users)) : <gen:0> -> <gen:1>
             - CollectionQuerySpaceImpl(uid=<gen:1>, collection=edu.matc.entity.Topping.users)
                - SQL table alias mapping - users1_
                - alias suffix - 1_
                - suffixed key columns - {topping_2_0_1_}
                - entity-element alias suffix - 2_
                - 2_entity-element suffixed key columns - id1_2_2_
                - JOIN (JoinDefinedByMetadata(elements)) : <gen:1> -> <gen:2>
                   - EntityQuerySpaceImpl(uid=<gen:2>, entity=edu.matc.entity.User)
                      - SQL table alias mapping - user2_
                      - alias suffix - 2_
                      - suffixed key columns - {id1_2_2_}

[DEBUG] 2020-12-09 04:01:19.965 [main] EntityLoader - Static select for entity edu.matc.entity.Topping [NONE]: select topping0_.id as id1_1_0_, topping0_.popularity as populari2_1_0_, topping0_.topping as topping3_1_0_, users1_.topping_id as topping_2_0_1_, user2_.id as user_id1_0_1_, user2_.id as id1_2_2_, user2_.password as password2_2_2_, user2_.username as username3_2_2_ from toppings topping0_ left outer join liked_toppings users1_ on topping0_.id=users1_.topping_id left outer join user user2_ on users1_.user_id=user2_.id where topping0_.id=?
[DEBUG] 2020-12-09 04:01:19.965 [main] QuerySpacesImpl - Adding QuerySpace : uid = <gen:0> -> org.hibernate.loader.plan.build.internal.spaces.EntityQuerySpaceImpl@4fb64a52]
[DEBUG] 2020-12-09 04:01:19.965 [main] MetamodelGraphWalker - Visiting attribute path : popularity
[DEBUG] 2020-12-09 04:01:19.965 [main] MetamodelGraphWalker - Visiting attribute path : topping
[DEBUG] 2020-12-09 04:01:19.965 [main] MetamodelGraphWalker - Visiting attribute path : users
[DEBUG] 2020-12-09 04:01:19.965 [main] QuerySpacesImpl - Adding QuerySpace : uid = <gen:1> -> org.hibernate.loader.plan.build.internal.spaces.CollectionQuerySpaceImpl@7b8ea1db]
[DEBUG] 2020-12-09 04:01:19.965 [main] QuerySpacesImpl - Adding QuerySpace : uid = <gen:2> -> org.hibernate.loader.plan.build.internal.spaces.EntityQuerySpaceImpl@a91119b]
[DEBUG] 2020-12-09 04:01:19.965 [main] MetamodelGraphWalker - Visiting attribute path : users.password
[DEBUG] 2020-12-09 04:01:19.965 [main] MetamodelGraphWalker - Visiting attribute path : users.toppings
[DEBUG] 2020-12-09 04:01:19.965 [main] MetamodelGraphWalker - Property path deemed to be circular : users.toppings
[DEBUG] 2020-12-09 04:01:19.965 [main] MetamodelGraphWalker - Visiting attribute path : users.username
[DEBUG] 2020-12-09 04:01:19.965 [main] FetchStyleLoadPlanBuildingAssociationVisitationStrategy - Building LoadPlan...
[DEBUG] 2020-12-09 04:01:19.965 [main] LoadQueryJoinAndFetchProcessor - processing queryspace <gen:0>
[DEBUG] 2020-12-09 04:01:19.966 [main] LoadPlanTreePrinter - LoadPlan(entity=edu.matc.entity.Topping)
    - Returns
       - EntityReturnImpl(entity=edu.matc.entity.Topping, querySpaceUid=<gen:0>, path=edu.matc.entity.Topping)
          - CollectionAttributeFetchImpl(collection=edu.matc.entity.Topping.users, querySpaceUid=<gen:1>, path=edu.matc.entity.Topping.users)
             - (collection element) CollectionFetchableElementEntityGraph(entity=edu.matc.entity.User, querySpaceUid=<gen:2>, path=edu.matc.entity.Topping.users.<elements>)
    - QuerySpaces
       - EntityQuerySpaceImpl(uid=<gen:0>, entity=edu.matc.entity.Topping)
          - SQL table alias mapping - topping0_
          - alias suffix - 0_
          - suffixed key columns - {id1_1_0_}
          - JOIN (JoinDefinedByMetadata(users)) : <gen:0> -> <gen:1>
             - CollectionQuerySpaceImpl(uid=<gen:1>, collection=edu.matc.entity.Topping.users)
                - SQL table alias mapping - users1_
                - alias suffix - 1_
                - suffixed key columns - {topping_2_0_1_}
                - entity-element alias suffix - 2_
                - 2_entity-element suffixed key columns - id1_2_2_
                - JOIN (JoinDefinedByMetadata(elements)) : <gen:1> -> <gen:2>
                   - EntityQuerySpaceImpl(uid=<gen:2>, entity=edu.matc.entity.User)
                      - SQL table alias mapping - user2_
                      - alias suffix - 2_
                      - suffixed key columns - {id1_2_2_}

[DEBUG] 2020-12-09 04:01:19.966 [main] EntityLoader - Static select for entity edu.matc.entity.Topping [READ]: select topping0_.id as id1_1_0_, topping0_.popularity as populari2_1_0_, topping0_.topping as topping3_1_0_, users1_.topping_id as topping_2_0_1_, user2_.id as user_id1_0_1_, user2_.id as id1_2_2_, user2_.password as password2_2_2_, user2_.username as username3_2_2_ from toppings topping0_ left outer join liked_toppings users1_ on topping0_.id=users1_.topping_id left outer join user user2_ on users1_.user_id=user2_.id where topping0_.id=?
[DEBUG] 2020-12-09 04:01:19.966 [main] Loader - Static select for action ACTION_MERGE on entity edu.matc.entity.Topping: select topping0_.id as id1_1_1_, topping0_.popularity as populari2_1_1_, topping0_.topping as topping3_1_1_, users1_.topping_id as topping_2_0_3_, user2_.id as user_id1_0_3_, user2_.id as id1_2_0_, user2_.password as password2_2_0_, user2_.username as username3_2_0_ from toppings topping0_ left outer join liked_toppings users1_ on topping0_.id=users1_.topping_id left outer join user user2_ on users1_.user_id=user2_.id where topping0_.id=?
[DEBUG] 2020-12-09 04:01:19.966 [main] Loader - Static select for action ACTION_REFRESH on entity edu.matc.entity.Topping: select topping0_.id as id1_1_1_, topping0_.popularity as populari2_1_1_, topping0_.topping as topping3_1_1_, users1_.topping_id as topping_2_0_3_, user2_.id as user_id1_0_3_, user2_.id as id1_2_0_, user2_.password as password2_2_0_, user2_.username as username3_2_0_ from toppings topping0_ left outer join liked_toppings users1_ on topping0_.id=users1_.topping_id left outer join user user2_ on users1_.user_id=user2_.id where topping0_.id=?
[DEBUG] 2020-12-09 04:01:19.966 [main] AbstractEntityPersister - Static SQL for entity: edu.matc.entity.Role
[DEBUG] 2020-12-09 04:01:19.966 [main] AbstractEntityPersister -  Version select: select id from user_roles where id =?
[DEBUG] 2020-12-09 04:01:19.967 [main] AbstractEntityPersister -  Snapshot select: select role_.id, role_.role_name as role_nam2_3_, role_.user_id as user_id4_3_, role_.username as username3_3_ from user_roles role_ where role_.id=?
[DEBUG] 2020-12-09 04:01:19.967 [main] AbstractEntityPersister -  Insert 0: insert into user_roles (role_name, user_id, username, id) values (?, ?, ?, ?)
[DEBUG] 2020-12-09 04:01:19.969 [main] AbstractEntityPersister -  Update 0: update user_roles set role_name=?, user_id=?, username=? where id=?
[DEBUG] 2020-12-09 04:01:19.969 [main] AbstractEntityPersister -  Delete 0: delete from user_roles where id=?
[DEBUG] 2020-12-09 04:01:19.969 [main] AbstractEntityPersister -  Identity insert: insert into user_roles (role_name, user_id, username) values (?, ?, ?)
[DEBUG] 2020-12-09 04:01:19.969 [main] QuerySpacesImpl - Adding QuerySpace : uid = <gen:0> -> org.hibernate.loader.plan.build.internal.spaces.EntityQuerySpaceImpl@2d130ac4]
[DEBUG] 2020-12-09 04:01:19.969 [main] MetamodelGraphWalker - Visiting attribute path : roleName
[DEBUG] 2020-12-09 04:01:19.969 [main] MetamodelGraphWalker - Visiting attribute path : user
[DEBUG] 2020-12-09 04:01:19.970 [main] QuerySpacesImpl - Adding QuerySpace : uid = <gen:1> -> org.hibernate.loader.plan.build.internal.spaces.EntityQuerySpaceImpl@194012a2]
[DEBUG] 2020-12-09 04:01:19.970 [main] MetamodelGraphWalker - Visiting attribute path : user.password
[DEBUG] 2020-12-09 04:01:19.970 [main] MetamodelGraphWalker - Visiting attribute path : user.toppings
[DEBUG] 2020-12-09 04:01:19.970 [main] QuerySpacesImpl - Adding QuerySpace : uid = <gen:2> -> org.hibernate.loader.plan.build.internal.spaces.CollectionQuerySpaceImpl@6650a6c]
[DEBUG] 2020-12-09 04:01:19.970 [main] QuerySpacesImpl - Adding QuerySpace : uid = <gen:3> -> org.hibernate.loader.plan.build.internal.spaces.EntityQuerySpaceImpl@64279ab]
[DEBUG] 2020-12-09 04:01:19.970 [main] MetamodelGraphWalker - Visiting attribute path : user.toppings.popularity
[DEBUG] 2020-12-09 04:01:19.970 [main] MetamodelGraphWalker - Visiting attribute path : user.toppings.topping
[DEBUG] 2020-12-09 04:01:19.970 [main] MetamodelGraphWalker - Visiting attribute path : user.toppings.users
[DEBUG] 2020-12-09 04:01:19.970 [main] MetamodelGraphWalker - Property path deemed to be circular : user.toppings.users
[DEBUG] 2020-12-09 04:01:19.971 [main] MetamodelGraphWalker - Visiting attribute path : user.username
[DEBUG] 2020-12-09 04:01:19.971 [main] MetamodelGraphWalker - Visiting attribute path : username
[DEBUG] 2020-12-09 04:01:19.971 [main] FetchStyleLoadPlanBuildingAssociationVisitationStrategy - Building LoadPlan...
[DEBUG] 2020-12-09 04:01:19.971 [main] LoadQueryJoinAndFetchProcessor - processing queryspace <gen:0>
[DEBUG] 2020-12-09 04:01:19.972 [main] LoadPlanTreePrinter - LoadPlan(entity=edu.matc.entity.Role)
    - Returns
       - EntityReturnImpl(entity=edu.matc.entity.Role, querySpaceUid=<gen:0>, path=edu.matc.entity.Role)
          - EntityAttributeFetchImpl(entity=edu.matc.entity.User, querySpaceUid=<gen:1>, path=edu.matc.entity.Role.user)
             - CollectionAttributeFetchImpl(collection=edu.matc.entity.User.toppings, querySpaceUid=<gen:2>, path=edu.matc.entity.Role.user.toppings)
                - (collection element) CollectionFetchableElementEntityGraph(entity=edu.matc.entity.Topping, querySpaceUid=<gen:3>, path=edu.matc.entity.Role.user.toppings.<elements>)
    - QuerySpaces
       - EntityQuerySpaceImpl(uid=<gen:0>, entity=edu.matc.entity.Role)
          - SQL table alias mapping - role0_
          - alias suffix - 0_
          - suffixed key columns - {id1_3_0_}
          - JOIN (JoinDefinedByMetadata(user)) : <gen:0> -> <gen:1>
             - EntityQuerySpaceImpl(uid=<gen:1>, entity=edu.matc.entity.User)
                - SQL table alias mapping - user1_
                - alias suffix - 1_
                - suffixed key columns - {id1_2_1_}
                - JOIN (JoinDefinedByMetadata(toppings)) : <gen:1> -> <gen:2>
                   - CollectionQuerySpaceImpl(uid=<gen:2>, collection=edu.matc.entity.User.toppings)
                      - SQL table alias mapping - toppings2_
                      - alias suffix - 2_
                      - suffixed key columns - {user_id1_0_2_}
                      - entity-element alias suffix - 3_
                      - 3_entity-element suffixed key columns - id1_1_3_
                      - JOIN (JoinDefinedByMetadata(elements)) : <gen:2> -> <gen:3>
                         - EntityQuerySpaceImpl(uid=<gen:3>, entity=edu.matc.entity.Topping)
                            - SQL table alias mapping - topping3_
                            - alias suffix - 3_
                            - suffixed key columns - {id1_1_3_}

[DEBUG] 2020-12-09 04:01:19.972 [main] EntityLoader - Static select for entity edu.matc.entity.Role [NONE]: select role0_.id as id1_3_0_, role0_.role_name as role_nam2_3_0_, role0_.user_id as user_id4_3_0_, role0_.username as username3_3_0_, user1_.id as id1_2_1_, user1_.password as password2_2_1_, user1_.username as username3_2_1_, toppings2_.user_id as user_id1_0_2_, topping3_.id as topping_2_0_2_, topping3_.id as id1_1_3_, topping3_.popularity as populari2_1_3_, topping3_.topping as topping3_1_3_ from user_roles role0_ left outer join user user1_ on role0_.user_id=user1_.id left outer join liked_toppings toppings2_ on user1_.id=toppings2_.user_id left outer join toppings topping3_ on toppings2_.topping_id=topping3_.id where role0_.id=?
[DEBUG] 2020-12-09 04:01:19.972 [main] QuerySpacesImpl - Adding QuerySpace : uid = <gen:0> -> org.hibernate.loader.plan.build.internal.spaces.EntityQuerySpaceImpl@5a30722c]
[DEBUG] 2020-12-09 04:01:19.972 [main] MetamodelGraphWalker - Visiting attribute path : roleName
[DEBUG] 2020-12-09 04:01:19.972 [main] MetamodelGraphWalker - Visiting attribute path : user
[DEBUG] 2020-12-09 04:01:19.972 [main] QuerySpacesImpl - Adding QuerySpace : uid = <gen:1> -> org.hibernate.loader.plan.build.internal.spaces.EntityQuerySpaceImpl@2484dbb7]
[DEBUG] 2020-12-09 04:01:19.972 [main] MetamodelGraphWalker - Visiting attribute path : user.password
[DEBUG] 2020-12-09 04:01:19.972 [main] MetamodelGraphWalker - Visiting attribute path : user.toppings
[DEBUG] 2020-12-09 04:01:19.973 [main] QuerySpacesImpl - Adding QuerySpace : uid = <gen:2> -> org.hibernate.loader.plan.build.internal.spaces.CollectionQuerySpaceImpl@48e41b5d]
[DEBUG] 2020-12-09 04:01:19.973 [main] QuerySpacesImpl - Adding QuerySpace : uid = <gen:3> -> org.hibernate.loader.plan.build.internal.spaces.EntityQuerySpaceImpl@51e8d066]
[DEBUG] 2020-12-09 04:01:19.973 [main] MetamodelGraphWalker - Visiting attribute path : user.toppings.popularity
[DEBUG] 2020-12-09 04:01:19.973 [main] MetamodelGraphWalker - Visiting attribute path : user.toppings.topping
[DEBUG] 2020-12-09 04:01:19.973 [main] MetamodelGraphWalker - Visiting attribute path : user.toppings.users
[DEBUG] 2020-12-09 04:01:19.973 [main] MetamodelGraphWalker - Property path deemed to be circular : user.toppings.users
[DEBUG] 2020-12-09 04:01:19.973 [main] MetamodelGraphWalker - Visiting attribute path : user.username
[DEBUG] 2020-12-09 04:01:19.973 [main] MetamodelGraphWalker - Visiting attribute path : username
[DEBUG] 2020-12-09 04:01:19.973 [main] FetchStyleLoadPlanBuildingAssociationVisitationStrategy - Building LoadPlan...
[DEBUG] 2020-12-09 04:01:19.973 [main] LoadQueryJoinAndFetchProcessor - processing queryspace <gen:0>
[DEBUG] 2020-12-09 04:01:19.974 [main] LoadPlanTreePrinter - LoadPlan(entity=edu.matc.entity.Role)
    - Returns
       - EntityReturnImpl(entity=edu.matc.entity.Role, querySpaceUid=<gen:0>, path=edu.matc.entity.Role)
          - EntityAttributeFetchImpl(entity=edu.matc.entity.User, querySpaceUid=<gen:1>, path=edu.matc.entity.Role.user)
             - CollectionAttributeFetchImpl(collection=edu.matc.entity.User.toppings, querySpaceUid=<gen:2>, path=edu.matc.entity.Role.user.toppings)
                - (collection element) CollectionFetchableElementEntityGraph(entity=edu.matc.entity.Topping, querySpaceUid=<gen:3>, path=edu.matc.entity.Role.user.toppings.<elements>)
    - QuerySpaces
       - EntityQuerySpaceImpl(uid=<gen:0>, entity=edu.matc.entity.Role)
          - SQL table alias mapping - role0_
          - alias suffix - 0_
          - suffixed key columns - {id1_3_0_}
          - JOIN (JoinDefinedByMetadata(user)) : <gen:0> -> <gen:1>
             - EntityQuerySpaceImpl(uid=<gen:1>, entity=edu.matc.entity.User)
                - SQL table alias mapping - user1_
                - alias suffix - 1_
                - suffixed key columns - {id1_2_1_}
                - JOIN (JoinDefinedByMetadata(toppings)) : <gen:1> -> <gen:2>
                   - CollectionQuerySpaceImpl(uid=<gen:2>, collection=edu.matc.entity.User.toppings)
                      - SQL table alias mapping - toppings2_
                      - alias suffix - 2_
                      - suffixed key columns - {user_id1_0_2_}
                      - entity-element alias suffix - 3_
                      - 3_entity-element suffixed key columns - id1_1_3_
                      - JOIN (JoinDefinedByMetadata(elements)) : <gen:2> -> <gen:3>
                         - EntityQuerySpaceImpl(uid=<gen:3>, entity=edu.matc.entity.Topping)
                            - SQL table alias mapping - topping3_
                            - alias suffix - 3_
                            - suffixed key columns - {id1_1_3_}

[DEBUG] 2020-12-09 04:01:19.974 [main] EntityLoader - Static select for entity edu.matc.entity.Role [READ]: select role0_.id as id1_3_0_, role0_.role_name as role_nam2_3_0_, role0_.user_id as user_id4_3_0_, role0_.username as username3_3_0_, user1_.id as id1_2_1_, user1_.password as password2_2_1_, user1_.username as username3_2_1_, toppings2_.user_id as user_id1_0_2_, topping3_.id as topping_2_0_2_, topping3_.id as id1_1_3_, topping3_.popularity as populari2_1_3_, topping3_.topping as topping3_1_3_ from user_roles role0_ left outer join user user1_ on role0_.user_id=user1_.id left outer join liked_toppings toppings2_ on user1_.id=toppings2_.user_id left outer join toppings topping3_ on toppings2_.topping_id=topping3_.id where role0_.id=?
[DEBUG] 2020-12-09 04:01:19.974 [main] Loader - Static select for action ACTION_MERGE on entity edu.matc.entity.Role: select role0_.id as id1_3_0_, role0_.role_name as role_nam2_3_0_, role0_.user_id as user_id4_3_0_, role0_.username as username3_3_0_ from user_roles role0_ where role0_.id=?
[DEBUG] 2020-12-09 04:01:19.974 [main] Loader - Static select for action ACTION_REFRESH on entity edu.matc.entity.Role: select role0_.id as id1_3_0_, role0_.role_name as role_nam2_3_0_, role0_.user_id as user_id4_3_0_, role0_.username as username3_3_0_ from user_roles role0_ where role0_.id=?
[DEBUG] 2020-12-09 04:01:19.976 [main] QuerySpacesImpl - Adding QuerySpace : uid = <gen:0> -> org.hibernate.loader.plan.build.internal.spaces.CollectionQuerySpaceImpl@6b9c42bd]
[DEBUG] 2020-12-09 04:01:19.976 [main] QuerySpacesImpl - Adding QuerySpace : uid = <gen:1> -> org.hibernate.loader.plan.build.internal.spaces.EntityQuerySpaceImpl@584ca390]
[DEBUG] 2020-12-09 04:01:19.976 [main] MetamodelGraphWalker - Visiting attribute path : password
[DEBUG] 2020-12-09 04:01:19.977 [main] MetamodelGraphWalker - Visiting attribute path : toppings
[DEBUG] 2020-12-09 04:01:19.977 [main] MetamodelGraphWalker - Property path deemed to be circular : toppings
[DEBUG] 2020-12-09 04:01:19.977 [main] MetamodelGraphWalker - Visiting attribute path : username
[DEBUG] 2020-12-09 04:01:19.977 [main] FetchStyleLoadPlanBuildingAssociationVisitationStrategy - Building LoadPlan...
[DEBUG] 2020-12-09 04:01:19.978 [main] LoadQueryJoinAndFetchProcessor - processing queryspace <gen:0>
[DEBUG] 2020-12-09 04:01:19.978 [main] LoadPlanTreePrinter - LoadPlan(collection=edu.matc.entity.Topping.users)
    - Returns
       - CollectionReturnImpl(collection=edu.matc.entity.Topping.users, querySpaceUid=<gen:0>, path=[edu.matc.entity.Topping.users])
          - (collection element) CollectionFetchableElementEntityGraph(entity=edu.matc.entity.User, querySpaceUid=<gen:1>, path=[edu.matc.entity.Topping.users].<elements>)
    - QuerySpaces
       - CollectionQuerySpaceImpl(uid=<gen:0>, collection=edu.matc.entity.Topping.users)
          - SQL table alias mapping - users0_
          - alias suffix - 0_
          - suffixed key columns - {topping_2_0_0_}
          - entity-element alias suffix - 1_
          - 1_entity-element suffixed key columns - id1_2_1_
          - JOIN (JoinDefinedByMetadata(elements)) : <gen:0> -> <gen:1>
             - EntityQuerySpaceImpl(uid=<gen:1>, entity=edu.matc.entity.User)
                - SQL table alias mapping - user1_
                - alias suffix - 1_
                - suffixed key columns - {id1_2_1_}

[DEBUG] 2020-12-09 04:01:19.978 [main] CollectionLoader - Static select for collection edu.matc.entity.Topping.users: select users0_.topping_id as topping_2_0_0_, users0_.user_id as user_id1_0_0_, user1_.id as id1_2_1_, user1_.password as password2_2_1_, user1_.username as username3_2_1_ from liked_toppings users0_ inner join user user1_ on users0_.user_id=user1_.id where users0_.topping_id=?
[DEBUG] 2020-12-09 04:01:19.978 [main] QuerySpacesImpl - Adding QuerySpace : uid = <gen:0> -> org.hibernate.loader.plan.build.internal.spaces.CollectionQuerySpaceImpl@5c448ef]
[DEBUG] 2020-12-09 04:01:19.978 [main] QuerySpacesImpl - Adding QuerySpace : uid = <gen:1> -> org.hibernate.loader.plan.build.internal.spaces.EntityQuerySpaceImpl@703e8050]
[DEBUG] 2020-12-09 04:01:19.978 [main] MetamodelGraphWalker - Visiting attribute path : popularity
[DEBUG] 2020-12-09 04:01:19.978 [main] MetamodelGraphWalker - Visiting attribute path : topping
[DEBUG] 2020-12-09 04:01:19.978 [main] MetamodelGraphWalker - Visiting attribute path : users
[DEBUG] 2020-12-09 04:01:19.978 [main] MetamodelGraphWalker - Property path deemed to be circular : users
[DEBUG] 2020-12-09 04:01:19.979 [main] FetchStyleLoadPlanBuildingAssociationVisitationStrategy - Building LoadPlan...
[DEBUG] 2020-12-09 04:01:19.979 [main] LoadQueryJoinAndFetchProcessor - processing queryspace <gen:0>
[DEBUG] 2020-12-09 04:01:19.979 [main] LoadPlanTreePrinter - LoadPlan(collection=edu.matc.entity.User.toppings)
    - Returns
       - CollectionReturnImpl(collection=edu.matc.entity.User.toppings, querySpaceUid=<gen:0>, path=[edu.matc.entity.User.toppings])
          - (collection element) CollectionFetchableElementEntityGraph(entity=edu.matc.entity.Topping, querySpaceUid=<gen:1>, path=[edu.matc.entity.User.toppings].<elements>)
    - QuerySpaces
       - CollectionQuerySpaceImpl(uid=<gen:0>, collection=edu.matc.entity.User.toppings)
          - SQL table alias mapping - toppings0_
          - alias suffix - 0_
          - suffixed key columns - {user_id1_0_0_}
          - entity-element alias suffix - 1_
          - 1_entity-element suffixed key columns - id1_1_1_
          - JOIN (JoinDefinedByMetadata(elements)) : <gen:0> -> <gen:1>
             - EntityQuerySpaceImpl(uid=<gen:1>, entity=edu.matc.entity.Topping)
                - SQL table alias mapping - topping1_
                - alias suffix - 1_
                - suffixed key columns - {id1_1_1_}

[DEBUG] 2020-12-09 04:01:19.979 [main] CollectionLoader - Static select for collection edu.matc.entity.User.toppings: select toppings0_.user_id as user_id1_0_0_, toppings0_.topping_id as topping_2_0_0_, topping1_.id as id1_1_1_, topping1_.popularity as populari2_1_1_, topping1_.topping as topping3_1_1_ from liked_toppings toppings0_ inner join toppings topping1_ on toppings0_.topping_id=topping1_.id where toppings0_.user_id=?
[DEBUG] 2020-12-09 04:01:19.997 [main] SchemaManagementToolCoordinator - No actions specified; doing nothing
[DEBUG] 2020-12-09 04:01:19.997 [main] JtaPlatformInitiator - No JtaPlatform was specified, checking resolver
[DEBUG] 2020-12-09 04:01:19.997 [main] JtaPlatformResolverInitiator - No JtaPlatformResolver was specified, using default [org.hibernate.engine.transaction.jta.platform.internal.StandardJtaPlatformResolver]
[DEBUG] 2020-12-09 04:01:19.999 [main] StandardJtaPlatformResolver - Could not resolve JtaPlatform, using default [org.hibernate.engine.transaction.jta.platform.internal.NoJtaPlatform]
[INFO ] 2020-12-09 04:01:19.999 [main] JtaPlatformInitiator - HHH000490: Using JtaPlatform implementation: [org.hibernate.engine.transaction.jta.platform.internal.NoJtaPlatform]
[DEBUG] 2020-12-09 04:01:20.000 [main] NamedQueryRepository - Checking 0 named HQL queries
[DEBUG] 2020-12-09 04:01:20.000 [main] NamedQueryRepository - Checking 0 named SQL queries
[DEBUG] 2020-12-09 04:01:20.001 [main] SessionFactoryRegistry - Initializing SessionFactoryRegistry : org.hibernate.internal.SessionFactoryRegistry@4c635edc
[DEBUG] 2020-12-09 04:01:20.002 [main] SessionFactoryRegistry - Registering SessionFactory: 4813bf2e-addc-4f20-b66f-10851eef3a2d (<unnamed>)
[DEBUG] 2020-12-09 04:01:20.002 [main] SessionFactoryRegistry - Not binding SessionFactory to JNDI, no JNDI name configured
[DEBUG] 2020-12-09 04:01:20.047 [main] StatisticsInitiator - Statistics initialized [enabled=false]
[DEBUG] 2020-12-09 04:01:20.058 [main] SQL - select user0_.id as id1_2_0_, user0_.password as password2_2_0_, user0_.username as username3_2_0_, toppings1_.user_id as user_id1_0_1_, topping2_.id as topping_2_0_1_, topping2_.id as id1_1_2_, topping2_.popularity as populari2_1_2_, topping2_.topping as topping3_1_2_ from user user0_ left outer join liked_toppings toppings1_ on user0_.id=toppings1_.user_id left outer join toppings topping2_ on toppings1_.topping_id=topping2_.id where user0_.id=?
[DEBUG] 2020-12-09 04:01:20.077 [main] ResultSetProcessorImpl - Starting ResultSet row #0
[DEBUG] 2020-12-09 04:01:20.080 [main] EntityReferenceInitializerImpl - On call to EntityIdentifierReaderImpl#resolve, EntityKey was already known; should only happen on root returns with an optional identifier specified
[DEBUG] 2020-12-09 04:01:20.086 [main] CollectionReferenceInitializerImpl - Found row of collection: [edu.matc.entity.User.toppings#3]
[DEBUG] 2020-12-09 04:01:20.091 [main] ResultSetProcessorImpl - Starting ResultSet row #1
[DEBUG] 2020-12-09 04:01:20.091 [main] EntityReferenceInitializerImpl - On call to EntityIdentifierReaderImpl#resolve, EntityKey was already known; should only happen on root returns with an optional identifier specified
[DEBUG] 2020-12-09 04:01:20.092 [main] CollectionReferenceInitializerImpl - Found row of collection: [edu.matc.entity.User.toppings#3]
[DEBUG] 2020-12-09 04:01:20.092 [main] ResultSetProcessorImpl - Starting ResultSet row #2
[DEBUG] 2020-12-09 04:01:20.092 [main] EntityReferenceInitializerImpl - On call to EntityIdentifierReaderImpl#resolve, EntityKey was already known; should only happen on root returns with an optional identifier specified
[DEBUG] 2020-12-09 04:01:20.092 [main] CollectionReferenceInitializerImpl - Found row of collection: [edu.matc.entity.User.toppings#3]
[DEBUG] 2020-12-09 04:01:20.092 [main] TwoPhaseLoad - Resolving attributes for [edu.matc.entity.User#3]
[DEBUG] 2020-12-09 04:01:20.093 [main] TwoPhaseLoad - Processing attribute `password` : value = helloworld
[DEBUG] 2020-12-09 04:01:20.093 [main] TwoPhaseLoad - Attribute (`password`)  - enhanced for lazy-loading? - false
[DEBUG] 2020-12-09 04:01:20.093 [main] TwoPhaseLoad - Processing attribute `toppings` : value = NOT NULL COLLECTION
[DEBUG] 2020-12-09 04:01:20.093 [main] TwoPhaseLoad - Attribute (`toppings`)  - enhanced for lazy-loading? - false
[DEBUG] 2020-12-09 04:01:20.093 [main] TwoPhaseLoad - Processing attribute `username` : value = Joseph
[DEBUG] 2020-12-09 04:01:20.093 [main] TwoPhaseLoad - Attribute (`username`)  - enhanced for lazy-loading? - false
[DEBUG] 2020-12-09 04:01:20.093 [main] TwoPhaseLoad - Done materializing entity [edu.matc.entity.User#3]
[DEBUG] 2020-12-09 04:01:20.093 [main] TwoPhaseLoad - Resolving attributes for [edu.matc.entity.Topping#1]
[DEBUG] 2020-12-09 04:01:20.093 [main] TwoPhaseLoad - Processing attribute `popularity` : value = 4
[DEBUG] 2020-12-09 04:01:20.093 [main] TwoPhaseLoad - Attribute (`popularity`)  - enhanced for lazy-loading? - false
[DEBUG] 2020-12-09 04:01:20.094 [main] TwoPhaseLoad - Processing attribute `topping` : value = Cheddar Cheese
[DEBUG] 2020-12-09 04:01:20.094 [main] TwoPhaseLoad - Attribute (`topping`)  - enhanced for lazy-loading? - false
[DEBUG] 2020-12-09 04:01:20.094 [main] TwoPhaseLoad - Processing attribute `users` : value = NOT NULL COLLECTION
[DEBUG] 2020-12-09 04:01:20.094 [main] TwoPhaseLoad - Attribute (`users`)  - enhanced for lazy-loading? - false
[DEBUG] 2020-12-09 04:01:20.096 [main] TwoPhaseLoad - Done materializing entity [edu.matc.entity.Topping#1]
[DEBUG] 2020-12-09 04:01:20.096 [main] TwoPhaseLoad - Resolving attributes for [edu.matc.entity.Topping#3]
[DEBUG] 2020-12-09 04:01:20.096 [main] TwoPhaseLoad - Processing attribute `popularity` : value = 3
[DEBUG] 2020-12-09 04:01:20.096 [main] TwoPhaseLoad - Attribute (`popularity`)  - enhanced for lazy-loading? - false
[DEBUG] 2020-12-09 04:01:20.096 [main] TwoPhaseLoad - Processing attribute `topping` : value = Sausage
[DEBUG] 2020-12-09 04:01:20.096 [main] TwoPhaseLoad - Attribute (`topping`)  - enhanced for lazy-loading? - false
[DEBUG] 2020-12-09 04:01:20.096 [main] TwoPhaseLoad - Processing attribute `users` : value = NOT NULL COLLECTION
[DEBUG] 2020-12-09 04:01:20.096 [main] TwoPhaseLoad - Attribute (`users`)  - enhanced for lazy-loading? - false
[DEBUG] 2020-12-09 04:01:20.096 [main] TwoPhaseLoad - Done materializing entity [edu.matc.entity.Topping#3]
[DEBUG] 2020-12-09 04:01:20.096 [main] TwoPhaseLoad - Resolving attributes for [edu.matc.entity.Topping#4]
[DEBUG] 2020-12-09 04:01:20.097 [main] TwoPhaseLoad - Processing attribute `popularity` : value = 10
[DEBUG] 2020-12-09 04:01:20.101 [main] TwoPhaseLoad - Attribute (`popularity`)  - enhanced for lazy-loading? - false
[DEBUG] 2020-12-09 04:01:20.101 [main] TwoPhaseLoad - Processing attribute `topping` : value = Pepperoni
[DEBUG] 2020-12-09 04:01:20.101 [main] TwoPhaseLoad - Attribute (`topping`)  - enhanced for lazy-loading? - false
[DEBUG] 2020-12-09 04:01:20.101 [main] TwoPhaseLoad - Processing attribute `users` : value = NOT NULL COLLECTION
[DEBUG] 2020-12-09 04:01:20.101 [main] TwoPhaseLoad - Attribute (`users`)  - enhanced for lazy-loading? - false
[DEBUG] 2020-12-09 04:01:20.101 [main] TwoPhaseLoad - Done materializing entity [edu.matc.entity.Topping#4]
[DEBUG] 2020-12-09 04:01:20.101 [main] CollectionLoadContext - 1 collections were found in result set for role: edu.matc.entity.User.toppings
[DEBUG] 2020-12-09 04:01:20.102 [main] CollectionLoadContext - Collection fully initialized: [edu.matc.entity.User.toppings#3]
[DEBUG] 2020-12-09 04:01:20.105 [main] CollectionLoadContext - 1 collections initialized for role: edu.matc.entity.User.toppings
[DEBUG] 2020-12-09 04:01:20.106 [main] ResourceRegistryStandardImpl - HHH000387: ResultSet's statement was not registered
[DEBUG] 2020-12-09 04:01:20.106 [main] AbstractLoadPlanBasedCollectionInitializer - Loading collection: [edu.matc.entity.Topping.users#4]
[DEBUG] 2020-12-09 04:01:20.106 [main] SQL - select users0_.topping_id as topping_2_0_0_, users0_.user_id as user_id1_0_0_, user1_.id as id1_2_1_, user1_.password as password2_2_1_, user1_.username as username3_2_1_ from liked_toppings users0_ inner join user user1_ on users0_.user_id=user1_.id where users0_.topping_id=?
[DEBUG] 2020-12-09 04:01:20.108 [main] ResultSetProcessorImpl - Preparing collection initializer : [edu.matc.entity.Topping.users#4]
[DEBUG] 2020-12-09 04:01:20.108 [main] ResultSetProcessorImpl - Starting ResultSet row #0
[DEBUG] 2020-12-09 04:01:20.108 [main] CollectionReferenceInitializerImpl - Found row of collection: [edu.matc.entity.Topping.users#4]
[DEBUG] 2020-12-09 04:01:20.108 [main] CollectionLoadContext - 1 collections were found in result set for role: edu.matc.entity.Topping.users
[DEBUG] 2020-12-09 04:01:20.108 [main] CollectionLoadContext - Collection fully initialized: [edu.matc.entity.Topping.users#4]
[DEBUG] 2020-12-09 04:01:20.108 [main] CollectionLoadContext - 1 collections initialized for role: edu.matc.entity.Topping.users
[DEBUG] 2020-12-09 04:01:20.108 [main] ResourceRegistryStandardImpl - HHH000387: ResultSet's statement was not registered
[DEBUG] 2020-12-09 04:01:20.108 [main] AbstractLoadPlanBasedCollectionInitializer - Done loading collection
[DEBUG] 2020-12-09 04:01:20.108 [main] AbstractLoadPlanBasedCollectionInitializer - Loading collection: [edu.matc.entity.Topping.users#3]
[DEBUG] 2020-12-09 04:01:20.109 [main] SQL - select users0_.topping_id as topping_2_0_0_, users0_.user_id as user_id1_0_0_, user1_.id as id1_2_1_, user1_.password as password2_2_1_, user1_.username as username3_2_1_ from liked_toppings users0_ inner join user user1_ on users0_.user_id=user1_.id where users0_.topping_id=?
[DEBUG] 2020-12-09 04:01:20.110 [main] ResultSetProcessorImpl - Preparing collection initializer : [edu.matc.entity.Topping.users#3]
[DEBUG] 2020-12-09 04:01:20.110 [main] ResultSetProcessorImpl - Starting ResultSet row #0
[DEBUG] 2020-12-09 04:01:20.110 [main] CollectionReferenceInitializerImpl - Found row of collection: [edu.matc.entity.Topping.users#3]
[DEBUG] 2020-12-09 04:01:20.110 [main] CollectionLoadContext - 1 collections were found in result set for role: edu.matc.entity.Topping.users
[DEBUG] 2020-12-09 04:01:20.110 [main] CollectionLoadContext - Collection fully initialized: [edu.matc.entity.Topping.users#3]
[DEBUG] 2020-12-09 04:01:20.110 [main] CollectionLoadContext - 1 collections initialized for role: edu.matc.entity.Topping.users
[DEBUG] 2020-12-09 04:01:20.110 [main] ResourceRegistryStandardImpl - HHH000387: ResultSet's statement was not registered
[DEBUG] 2020-12-09 04:01:20.110 [main] AbstractLoadPlanBasedCollectionInitializer - Done loading collection
[DEBUG] 2020-12-09 04:01:20.110 [main] AbstractLoadPlanBasedCollectionInitializer - Loading collection: [edu.matc.entity.Topping.users#1]
[DEBUG] 2020-12-09 04:01:20.111 [main] SQL - select users0_.topping_id as topping_2_0_0_, users0_.user_id as user_id1_0_0_, user1_.id as id1_2_1_, user1_.password as password2_2_1_, user1_.username as username3_2_1_ from liked_toppings users0_ inner join user user1_ on users0_.user_id=user1_.id where users0_.topping_id=?
[DEBUG] 2020-12-09 04:01:20.112 [main] ResultSetProcessorImpl - Preparing collection initializer : [edu.matc.entity.Topping.users#1]
[DEBUG] 2020-12-09 04:01:20.112 [main] ResultSetProcessorImpl - Starting ResultSet row #0
[DEBUG] 2020-12-09 04:01:20.112 [main] CollectionReferenceInitializerImpl - Found row of collection: [edu.matc.entity.Topping.users#1]
[DEBUG] 2020-12-09 04:01:20.112 [main] CollectionLoadContext - 1 collections were found in result set for role: edu.matc.entity.Topping.users
[DEBUG] 2020-12-09 04:01:20.112 [main] CollectionLoadContext - Collection fully initialized: [edu.matc.entity.Topping.users#1]
[DEBUG] 2020-12-09 04:01:20.112 [main] CollectionLoadContext - 1 collections initialized for role: edu.matc.entity.Topping.users
[DEBUG] 2020-12-09 04:01:20.112 [main] ResourceRegistryStandardImpl - HHH000387: ResultSet's statement was not registered
[DEBUG] 2020-12-09 04:01:20.112 [main] AbstractLoadPlanBasedCollectionInitializer - Done loading collection
[DEBUG] 2020-12-09 04:01:20.112 [main] AbstractLoadPlanBasedEntityLoader - Done entity load : edu.matc.entity.User#3
[DEBUG] 2020-12-09 04:01:20.112 [main] LogicalConnectionManagedImpl - Initiating JDBC connection release from afterTransaction
[WARN ] 2020-12-09 04:01:20.125 [main] QuerySplitter - HHH000183: no persistent classes found for query class: SELECT T.topping FROM edu.matc.entity.Topping T LEFT JOIN edu.matc.entity.LikedToppings LT on T.id = LT.topping_id RIGHT JOIN edu.matc.entity.User U on U.id = LT.user_id WHERE U.id = :id
[DEBUG] 2020-12-09 04:01:20.126 [main] QueryTranslatorFactoryInitiator - QueryTranslatorFactory: org.hibernate.hql.internal.ast.ASTQueryTranslatorFactory@1e120628
