[INFO ] 2020-12-09 04:01:52.839 [main] LikedToppingsDao - Results: []
[INFO ] 2020-12-09 04:01:52.841 [main] LikedToppingsManyToManyTest - Liked Toppings: []
[INFO ] 2020-12-09 04:06:37.124 [main] LikedToppingsDao - Results: []
[INFO ] 2020-12-09 04:06:37.125 [main] LikedToppingsManyToManyTest - Liked Toppings: []
[INFO ] 2020-12-09 04:07:50.566 [main] LikedToppingsDao - Results: []
[INFO ] 2020-12-09 04:07:50.567 [main] LikedToppingsManyToManyTest - Liked Toppings: []
[INFO ] 2020-12-09 04:09:20.778 [main] LikedToppingsDao - Results: []
[INFO ] 2020-12-09 04:09:20.779 [main] LikedToppingsManyToManyTest - Liked Toppings: []
[INFO ] 2020-12-09 04:09:59.303 [main] LikedToppingsDao - Results: []
[INFO ] 2020-12-09 04:09:59.305 [main] LikedToppingsManyToManyTest - Liked Toppings: []
[INFO ] 2020-12-09 04:10:55.502 [main] LikedToppingsDao - Results: []
[INFO ] 2020-12-09 04:10:55.503 [main] LikedToppingsManyToManyTest - Liked Toppings: []
[INFO ] 2020-12-09 04:16:18.755 [main] LikedToppingsDao - Results: []
[INFO ] 2020-12-09 04:16:18.756 [main] LikedToppingsManyToManyTest - Liked Toppings: []
[INFO ] 2020-12-09 04:19:44.278 [main] LikedToppingsDao - Results: [Cheddar Cheese, Sausage, Pepperoni]
[INFO ] 2020-12-09 04:19:44.280 [main] LikedToppingsManyToManyTest - Liked Toppings: [Cheddar Cheese, Sausage, Pepperoni]
[INFO ] 2020-12-09 04:20:23.701 [main] LikedToppingsDao - Results: [Cheddar Cheese, Sausage, Pepperoni]
[INFO ] 2020-12-09 04:20:23.703 [main] LikedToppingsManyToManyTest - Liked Toppings: [Cheddar Cheese, Sausage, Pepperoni]
[INFO ] 2020-12-09 04:23:49.417 [main] LikedToppingsDao - Results: [Cheddar Cheese, Sausage, Pepperoni]
[INFO ] 2020-12-09 04:23:49.418 [main] LikedToppingsManyToManyTest - Liked Toppings: [Cheddar Cheese, Sausage, Pepperoni]
[DEBUG] 2020-12-09 04:23:49.735 [main] UserRoleDao - list of roles: [edu.matc.entity.Role@5e158f33, edu.matc.entity.Role@20fcea37, edu.matc.entity.Role@399af6dc, edu.matc.entity.Role@48fc0211]
[INFO ] 2020-12-09 04:24:17.401 [main] LikedToppingsDao - Results: [Cheddar Cheese, Sausage, Pepperoni]
[INFO ] 2020-12-09 04:24:17.403 [main] LikedToppingsManyToManyTest - Liked Toppings: [Cheddar Cheese, Sausage, Pepperoni]
[INFO ] 2020-12-09 04:27:54.360 [main] LikedToppingsManyToManyTest - liked toppings:[edu.matc.entity.Topping@77cddc0c, edu.matc.entity.Topping@602298b, edu.matc.entity.Topping@774f2992]
[INFO ] 2020-12-09 04:28:16.395 [main] LikedToppingsManyToManyTest - liked toppings:[edu.matc.entity.Topping@5885e231, edu.matc.entity.Topping@2c0798bd, edu.matc.entity.Topping@2e3252]
[INFO ] 2020-12-09 04:28:46.193 [main] LikedToppingsDao - Results: [Cheddar Cheese, Sausage, Pepperoni]
[INFO ] 2020-12-09 04:28:46.194 [main] LikedToppingsManyToManyTest - Liked Toppings: [Cheddar Cheese, Sausage, Pepperoni]
[INFO ] 2020-12-09 04:28:46.326 [main] LikedToppingsManyToManyTest - liked toppings:[edu.matc.entity.Topping@5d08976a, edu.matc.entity.Topping@59a2d756, edu.matc.entity.Topping@165d1d54]
[DEBUG] 2020-12-09 04:28:46.503 [main] UserRoleDao - list of roles: [edu.matc.entity.Role@60652518, edu.matc.entity.Role@438aaa9f, edu.matc.entity.Role@3f06ebe0, edu.matc.entity.Role@1752e45c]
[INFO ] 2020-12-09 04:29:21.859 [main] LikedToppingsDao - Results: [Cheddar Cheese, Sausage, Pepperoni]
[INFO ] 2020-12-09 04:29:21.861 [main] LikedToppingsManyToManyTest - Liked Toppings: [Cheddar Cheese, Sausage, Pepperoni]
[INFO ] 2020-12-09 04:29:22.002 [main] LikedToppingsManyToManyTest - liked toppings:[edu.matc.entity.Topping@78288f83, edu.matc.entity.Topping@29c1249a, edu.matc.entity.Topping@54b44879]
[DEBUG] 2020-12-09 04:30:51.157 [main] UserRoleDao - list of roles: [edu.matc.entity.Role@3d033453, edu.matc.entity.Role@43deba42, edu.matc.entity.Role@e795a1d, edu.matc.entity.Role@38c10190]
[INFO ] 2020-12-09 04:31:05.621 [main] LikedToppingsDao - Results: [Cheddar Cheese, Sausage, Pepperoni]
[INFO ] 2020-12-09 04:31:05.623 [main] LikedToppingsManyToManyTest - Liked Toppings: [Cheddar Cheese, Sausage, Pepperoni]
[INFO ] 2020-12-09 04:31:05.735 [main] LikedToppingsManyToManyTest - liked toppings:[edu.matc.entity.Topping@5d221b20, edu.matc.entity.Topping@7433ca19, edu.matc.entity.Topping@79d4ff58]
[DEBUG] 2020-12-09 04:31:05.911 [main] UserRoleDao - list of roles: [edu.matc.entity.Role@1850f2da, edu.matc.entity.Role@38d42ab7, edu.matc.entity.Role@6ace919c, edu.matc.entity.Role@4005e485]
[INFO ] 2020-12-09 04:32:34.972 [main] LikedToppingsDao - Results: [Cheddar Cheese, Sausage, Pepperoni]
[INFO ] 2020-12-09 04:32:34.973 [main] LikedToppingsManyToManyTest - Liked Toppings: [Cheddar Cheese, Sausage, Pepperoni]
[INFO ] 2020-12-09 04:32:35.105 [main] LikedToppingsManyToManyTest - liked toppings:[edu.matc.entity.Topping@7e8f23ad, edu.matc.entity.Topping@5d221b20, edu.matc.entity.Topping@7433ca19]
[DEBUG] 2020-12-09 04:32:35.324 [main] UserRoleDao - list of roles: [edu.matc.entity.Role@74ebd159, edu.matc.entity.Role@1850f2da, edu.matc.entity.Role@38d42ab7, edu.matc.entity.Role@6ace919c]
[INFO ] 2020-12-09 04:33:52.574 [main] LikedToppingsDao - Results: [Cheddar Cheese, Sausage, Pepperoni]
[INFO ] 2020-12-09 04:33:52.575 [main] LikedToppingsManyToManyTest - Liked Toppings: [Cheddar Cheese, Sausage, Pepperoni]
[INFO ] 2020-12-09 04:33:52.666 [main] LikedToppingsManyToManyTest - liked toppings:[edu.matc.entity.Topping@3dfe59d7, edu.matc.entity.Topping@1be8c122, edu.matc.entity.Topping@2905b568]
[DEBUG] 2020-12-09 04:33:52.796 [main] UserRoleDao - list of roles: [edu.matc.entity.Role@10b67f54, edu.matc.entity.Role@30798137, edu.matc.entity.Role@455da438, edu.matc.entity.Role@60652518]
[INFO ] 2020-12-09 04:43:44.977 [main] LikedToppingsDao - Results: [Cheddar Cheese, Sausage, Pepperoni]
[INFO ] 2020-12-09 04:43:44.978 [main] LikedToppingsManyToManyTest - Liked Toppings: [Cheddar Cheese, Sausage, Pepperoni]
[INFO ] 2020-12-09 04:43:45.074 [main] LikedToppingsManyToManyTest - liked toppings:[edu.matc.entity.Topping@5d221b20, edu.matc.entity.Topping@7433ca19, edu.matc.entity.Topping@79d4ff58]
[DEBUG] 2020-12-09 04:43:45.271 [main] UserRoleDao - list of roles: [edu.matc.entity.Role@1850f2da, edu.matc.entity.Role@38d42ab7, edu.matc.entity.Role@6ace919c, edu.matc.entity.Role@4005e485]
[INFO ] 2020-12-09 04:58:54.502 [main] LikedToppingsDao - Results: [Cheddar Cheese, Sausage, Pepperoni]
[INFO ] 2020-12-09 04:58:54.504 [main] LikedToppingsManyToManyTest - Liked Toppings: [Cheddar Cheese, Sausage, Pepperoni]
[INFO ] 2020-12-09 04:58:54.598 [main] LikedToppingsManyToManyTest - liked toppings:[edu.matc.entity.Topping@7e8f23ad, edu.matc.entity.Topping@5d221b20, edu.matc.entity.Topping@7433ca19]
[DEBUG] 2020-12-09 04:58:54.767 [main] UserRoleDao - list of roles: [edu.matc.entity.Role@74ebd159, edu.matc.entity.Role@1850f2da, edu.matc.entity.Role@38d42ab7, edu.matc.entity.Role@6ace919c]
[INFO ] 2020-12-09 05:02:36.968 [main] LikedToppingsDao - Results: [Cheddar Cheese, Sausage, Pepperoni]
[INFO ] 2020-12-09 05:02:36.970 [main] LikedToppingsManyToManyTest - Liked Toppings: [Cheddar Cheese, Sausage, Pepperoni]
[INFO ] 2020-12-09 05:02:37.067 [main] LikedToppingsManyToManyTest - liked toppings:[edu.matc.entity.Topping@7ec13984, edu.matc.entity.Topping@79d4ff58, edu.matc.entity.Topping@14485747]
[DEBUG] 2020-12-09 05:02:37.266 [main] UserRoleDao - list of roles: [edu.matc.entity.Role@6ace919c, edu.matc.entity.Role@4005e485, edu.matc.entity.Role@5f5c187d, edu.matc.entity.Role@464400b3]
[INFO ] 2020-12-09 05:04:24.429 [main] LikedToppingsDao - Results: [Cheddar Cheese, Sausage, Pepperoni]
[INFO ] 2020-12-09 05:04:24.431 [main] LikedToppingsManyToManyTest - Liked Toppings: [Cheddar Cheese, Sausage, Pepperoni]
[INFO ] 2020-12-09 05:04:24.592 [main] LikedToppingsManyToManyTest - liked toppings:[edu.matc.entity.Topping@3dfe59d7, edu.matc.entity.Topping@1be8c122, edu.matc.entity.Topping@2905b568]
[DEBUG] 2020-12-09 05:04:24.799 [main] UserRoleDao - list of roles: [edu.matc.entity.Role@10b67f54, edu.matc.entity.Role@30798137, edu.matc.entity.Role@455da438, edu.matc.entity.Role@60652518]
[INFO ] 2020-12-09 05:05:43.844 [main] LikedToppingsDao - Results: [Cheddar Cheese, Sausage, Pepperoni]
[INFO ] 2020-12-09 05:05:43.846 [main] LikedToppingsManyToManyTest - Liked Toppings: [Cheddar Cheese, Sausage, Pepperoni]
[INFO ] 2020-12-09 05:05:43.995 [main] LikedToppingsManyToManyTest - liked toppings:[edu.matc.entity.Topping@5d221b20, edu.matc.entity.Topping@7433ca19, edu.matc.entity.Topping@79d4ff58]
[DEBUG] 2020-12-09 05:05:44.242 [main] UserRoleDao - list of roles: [edu.matc.entity.Role@1850f2da, edu.matc.entity.Role@38d42ab7, edu.matc.entity.Role@6ace919c, edu.matc.entity.Role@4005e485]
[INFO ] 2020-12-09 06:00:01.346 [main] LikedToppingsDao - Results: [Cheddar Cheese, Sausage, Pepperoni]
[INFO ] 2020-12-09 06:00:01.347 [main] LikedToppingsManyToManyTest - Liked Toppings: [Cheddar Cheese, Sausage, Pepperoni]
[INFO ] 2020-12-09 06:00:01.457 [main] LikedToppingsManyToManyTest - liked toppings:[edu.matc.entity.Topping@3dfe59d7, edu.matc.entity.Topping@1be8c122, edu.matc.entity.Topping@2905b568]
[DEBUG] 2020-12-09 06:00:01.639 [main] UserRoleDao - list of roles: [edu.matc.entity.Role@10b67f54, edu.matc.entity.Role@30798137, edu.matc.entity.Role@455da438, edu.matc.entity.Role@60652518]
[INFO ] 2020-12-09 06:00:35.964 [http-nio-8080-exec-5] LikedToppingsDao - Results: [Sausage, Pepperoni]
[INFO ] 2020-12-09 06:00:35.973 [http-nio-8080-exec-8] LikedToppingsDao - Results: [Sausage, Pepperoni]
[INFO ] 2020-12-09 06:01:28.595 [main] LikedToppingsDao - Results: [Cheddar Cheese, Sausage, Pepperoni]
[INFO ] 2020-12-09 06:01:28.597 [main] LikedToppingsManyToManyTest - Liked Toppings: [Cheddar Cheese, Sausage, Pepperoni]
[INFO ] 2020-12-09 06:01:28.749 [main] LikedToppingsManyToManyTest - liked toppings:[edu.matc.entity.Topping@1573e8a5, edu.matc.entity.Topping@69f9b561, edu.matc.entity.Topping@38022758]
[DEBUG] 2020-12-09 06:01:28.935 [main] UserRoleDao - list of roles: [edu.matc.entity.Role@4a04ca74, edu.matc.entity.Role@455cbf18, edu.matc.entity.Role@24aedcc5, edu.matc.entity.Role@74ebd159]
[INFO ] 2020-12-09 06:02:02.899 [http-nio-8080-exec-4] LikedToppingsDao - Results: [Sausage, Pepperoni]
[INFO ] 2020-12-09 06:03:24.481 [main] LikedToppingsDao - Results: [Cheddar Cheese, Sausage, Pepperoni]
[INFO ] 2020-12-09 06:03:24.483 [main] LikedToppingsManyToManyTest - Liked Toppings: [Cheddar Cheese, Sausage, Pepperoni]
[INFO ] 2020-12-09 06:03:24.636 [main] LikedToppingsManyToManyTest - liked toppings:[edu.matc.entity.Topping@7e8f23ad, edu.matc.entity.Topping@69f9b561, edu.matc.entity.Topping@38022758]
[DEBUG] 2020-12-09 06:03:24.833 [main] UserRoleDao - list of roles: [edu.matc.entity.Role@455cbf18, edu.matc.entity.Role@24aedcc5, edu.matc.entity.Role@74ebd159, edu.matc.entity.Role@1850f2da]
[INFO ] 2020-12-09 06:03:54.063 [http-nio-8080-exec-5] LikedToppingsDao - Results: [Sausage, Pepperoni]
[INFO ] 2020-12-09 06:10:16.386 [main] LikedToppingsDao - Results: [Cheddar Cheese, Sausage, Pepperoni]
[INFO ] 2020-12-09 06:10:16.387 [main] LikedToppingsManyToManyTest - Liked Toppings: [Cheddar Cheese, Sausage, Pepperoni]
[INFO ] 2020-12-09 06:10:16.481 [main] LikedToppingsManyToManyTest - liked toppings:[edu.matc.entity.Topping@7e8f23ad, edu.matc.entity.Topping@5d221b20, edu.matc.entity.Topping@7433ca19]
[DEBUG] 2020-12-09 06:10:16.642 [main] UserRoleDao - list of roles: [edu.matc.entity.Role@74ebd159, edu.matc.entity.Role@1850f2da, edu.matc.entity.Role@38d42ab7, edu.matc.entity.Role@6ace919c]
[INFO ] 2020-12-09 06:10:45.822 [http-nio-8080-exec-5] LikedToppingsDao - Results: [Sausage, Pepperoni]
[INFO ] 2020-12-09 06:12:33.191 [main] LikedToppingsDao - Results: [Cheddar Cheese, Sausage, Pepperoni]
[INFO ] 2020-12-09 06:12:33.193 [main] LikedToppingsManyToManyTest - Liked Toppings: [Cheddar Cheese, Sausage, Pepperoni]
[INFO ] 2020-12-09 06:12:33.287 [main] LikedToppingsManyToManyTest - liked toppings:[edu.matc.entity.Topping@1573e8a5, edu.matc.entity.Topping@69f9b561, edu.matc.entity.Topping@38022758]
[DEBUG] 2020-12-09 06:12:33.467 [main] UserRoleDao - list of roles: [edu.matc.entity.Role@4a04ca74, edu.matc.entity.Role@455cbf18, edu.matc.entity.Role@24aedcc5, edu.matc.entity.Role@74ebd159]
[INFO ] 2020-12-09 06:13:01.767 [http-nio-8080-exec-4] LikedToppingsDao - Results: [Sausage, Pepperoni]
